DEBUG 2014-07-28 11:41:10,724 fnc_ins_data Of register - Error :System.ArgumentOutOfRangeException: Length cannot be less than zero.
Parameter name: length
   at System.String.InternalSubStringWithChecks(Int32 startIndex, Int32 length, Boolean fAlwaysCopy)
   at System.String.Substring(Int32 startIndex, Int32 length)
   at Unirecruite.unirecruite.register.fnc_ins_data() in D:\Project VSS\OESV2_VSS\Source Code\Development Area\e-ExamTool New\OES_V2 old\Unirecruite\register.aspx.vb:line 486
DEBUG 2014-07-28 11:41:11,145 img_saveexit_Click Of register - Error :System.ArgumentException: Redirect URI cannot contain newline characters.
   at System.Web.HttpResponse.Redirect(String url, Boolean endResponse)
   at Unirecruite.unirecruite.register.fnc_ins_data() in D:\Project VSS\OESV2_VSS\Source Code\Development Area\e-ExamTool New\OES_V2 old\Unirecruite\register.aspx.vb:line 582
   at Unirecruite.unirecruite.register.img_saveexit_Click(Object sender, ImageClickEventArgs e) in D:\Project VSS\OESV2_VSS\Source Code\Development Area\e-ExamTool New\OES_V2 old\Unirecruite\register.aspx.vb:line 958
DEBUG 2014-07-28 12:05:08,755 fnc_ins_data Of register - Error :System.ArgumentOutOfRangeException: Length cannot be less than zero.
Parameter name: length
   at System.String.InternalSubStringWithChecks(Int32 startIndex, Int32 length, Boolean fAlwaysCopy)
   at System.String.Substring(Int32 startIndex, Int32 length)
   at Unirecruite.unirecruite.register.fnc_ins_data() in D:\Project VSS\OESV2_VSS\Source Code\Development Area\e-ExamTool New\OES_V2 old\Unirecruite\register.aspx.vb:line 486
DEBUG 2014-07-28 12:05:08,755 img_saveexit_Click Of register - Error :System.ArgumentException: Redirect URI cannot contain newline characters.
   at System.Web.HttpResponse.Redirect(String url, Boolean endResponse)
   at Unirecruite.unirecruite.register.fnc_ins_data() in D:\Project VSS\OESV2_VSS\Source Code\Development Area\e-ExamTool New\OES_V2 old\Unirecruite\register.aspx.vb:line 582
   at Unirecruite.unirecruite.register.img_saveexit_Click(Object sender, ImageClickEventArgs e) in D:\Project VSS\OESV2_VSS\Source Code\Development Area\e-ExamTool New\OES_V2 old\Unirecruite\register.aspx.vb:line 958
DEBUG 2014-07-28 12:11:38,520 fnc_ins_data Of register - Error :System.ArgumentOutOfRangeException: Length cannot be less than zero.
Parameter name: length
   at System.String.InternalSubStringWithChecks(Int32 startIndex, Int32 length, Boolean fAlwaysCopy)
   at System.String.Substring(Int32 startIndex, Int32 length)
   at Unirecruite.unirecruite.register.fnc_ins_data() in D:\Project VSS\OESV2_VSS\Source Code\Development Area\e-ExamTool New\OES_V2 old\Unirecruite\register.aspx.vb:line 486
DEBUG 2014-07-28 12:11:38,520 img_saveexit_Click Of register - Error :System.ArgumentException: Redirect URI cannot contain newline characters.
   at System.Web.HttpResponse.Redirect(String url, Boolean endResponse)
   at Unirecruite.unirecruite.register.fnc_ins_data() in D:\Project VSS\OESV2_VSS\Source Code\Development Area\e-ExamTool New\OES_V2 old\Unirecruite\register.aspx.vb:line 582
   at Unirecruite.unirecruite.register.img_saveexit_Click(Object sender, ImageClickEventArgs e) in D:\Project VSS\OESV2_VSS\Source Code\Development Area\e-ExamTool New\OES_V2 old\Unirecruite\register.aspx.vb:line 958
DEBUG 2014-07-28 17:12:41,750 populatequesans Of question_ans - Error :System.ArgumentOutOfRangeException: Index was out of range. Must be non-negative and less than the size of the collection.
Parameter name: index
   at System.Collections.ArrayList.get_Item(Int32 index)
   at System.Web.UI.WebControls.ListItemCollection.get_Item(Int32 index)
   at Unirecruite.unirecruite.question_ans.populatequesans(Int32 qid, String testType) in D:\Project VSS\OESV2_VSS\Source Code\Development Area\e-ExamTool New\OES_V2 old\Unirecruite\question_ans.aspx.vb:line 373
DEBUG 2014-07-28 17:12:41,890 Page_Load Of question_ans - Error :System.ArgumentOutOfRangeException: Index was out of range. Must be non-negative and less than the size of the collection.
Parameter name: index
   at Unirecruite.unirecruite.question_ans.populatequesans(Int32 qid, String testType) in D:\Project VSS\OESV2_VSS\Source Code\Development Area\e-ExamTool New\OES_V2 old\Unirecruite\question_ans.aspx.vb:line 507
   at Unirecruite.unirecruite.question_ans.Page_Load(Object sender, EventArgs e) in D:\Project VSS\OESV2_VSS\Source Code\Development Area\e-ExamTool New\OES_V2 old\Unirecruite\question_ans.aspx.vb:line 131
DEBUG 2014-07-28 17:20:49,640 populatequesans Of question_ans - Error :System.ArgumentOutOfRangeException: Index was out of range. Must be non-negative and less than the size of the collection.
Parameter name: index
   at System.Collections.ArrayList.get_Item(Int32 index)
   at System.Web.UI.WebControls.ListItemCollection.get_Item(Int32 index)
   at Unirecruite.unirecruite.question_ans.populatequesans(Int32 qid, String testType) in D:\Project VSS\OESV2_VSS\Source Code\Development Area\e-ExamTool New\OES_V2 old\Unirecruite\question_ans.aspx.vb:line 373
DEBUG 2014-07-28 17:20:49,640 Page_Load Of question_ans - Error :System.ArgumentOutOfRangeException: Index was out of range. Must be non-negative and less than the size of the collection.
Parameter name: index
   at Unirecruite.unirecruite.question_ans.populatequesans(Int32 qid, String testType) in D:\Project VSS\OESV2_VSS\Source Code\Development Area\e-ExamTool New\OES_V2 old\Unirecruite\question_ans.aspx.vb:line 507
   at Unirecruite.unirecruite.question_ans.Page_Load(Object sender, EventArgs e) in D:\Project VSS\OESV2_VSS\Source Code\Development Area\e-ExamTool New\OES_V2 old\Unirecruite\question_ans.aspx.vb:line 131
DEBUG 2014-07-28 17:27:16,609 fnc_ins_data Of register - Error :System.ArgumentOutOfRangeException: Length cannot be less than zero.
Parameter name: length
   at System.String.InternalSubStringWithChecks(Int32 startIndex, Int32 length, Boolean fAlwaysCopy)
   at System.String.Substring(Int32 startIndex, Int32 length)
   at Unirecruite.unirecruite.register.fnc_ins_data() in D:\Project VSS\OESV2_VSS\Source Code\Development Area\e-ExamTool New\OES_V2 old\Unirecruite\register.aspx.vb:line 486
DEBUG 2014-07-28 17:27:16,687 img_saveexit_Click Of register - Error :System.ArgumentException: Redirect URI cannot contain newline characters.
   at System.Web.HttpResponse.Redirect(String url, Boolean endResponse)
   at Unirecruite.unirecruite.register.fnc_ins_data() in D:\Project VSS\OESV2_VSS\Source Code\Development Area\e-ExamTool New\OES_V2 old\Unirecruite\register.aspx.vb:line 582
   at Unirecruite.unirecruite.register.img_saveexit_Click(Object sender, ImageClickEventArgs e) in D:\Project VSS\OESV2_VSS\Source Code\Development Area\e-ExamTool New\OES_V2 old\Unirecruite\register.aspx.vb:line 958
DEBUG 2014-07-28 17:39:32,000 fnc_ins_data Of register - Error :System.ArgumentOutOfRangeException: Length cannot be less than zero.
Parameter name: length
   at System.String.InternalSubStringWithChecks(Int32 startIndex, Int32 length, Boolean fAlwaysCopy)
   at System.String.Substring(Int32 startIndex, Int32 length)
   at Unirecruite.unirecruite.register.fnc_ins_data() in D:\Project VSS\OESV2_VSS\Source Code\Development Area\e-ExamTool New\OES_V2 old\Unirecruite\register.aspx.vb:line 486
DEBUG 2014-07-28 17:39:32,000 img_saveexit_Click Of register - Error :System.ArgumentException: Redirect URI cannot contain newline characters.
   at System.Web.HttpResponse.Redirect(String url, Boolean endResponse)
   at Unirecruite.unirecruite.register.fnc_ins_data() in D:\Project VSS\OESV2_VSS\Source Code\Development Area\e-ExamTool New\OES_V2 old\Unirecruite\register.aspx.vb:line 582
   at Unirecruite.unirecruite.register.img_saveexit_Click(Object sender, ImageClickEventArgs e) in D:\Project VSS\OESV2_VSS\Source Code\Development Area\e-ExamTool New\OES_V2 old\Unirecruite\register.aspx.vb:line 958
