DEBUG 2014-09-05 08:59:21,484 checkTestAppeared Of QuestionPaper - Error :System.IndexOutOfRangeException: Index was outside the bounds of the array.
   at Unirecruite.QuestionPaper.checkTestAppeared() in D:\Project VSS\OESV2_VSS\Source Code\Development Area\e-ExamTool New\OES_V2 old\Unirecruite\QuestionPaper.aspx.vb:line 2108
DEBUG 2014-09-05 08:59:21,937 Page_Load Of QuestionPaper - Error :System.Data.SqlClient.SqlException: Syntax error converting the varchar value 'J' to a column of data type int.
   at System.Data.SqlClient.SqlConnection.OnError(SqlException exception, Boolean breakConnection)
   at System.Data.SqlClient.SqlInternalConnection.OnError(SqlException exception, Boolean breakConnection)
   at System.Data.SqlClient.TdsParser.ThrowExceptionAndWarning(TdsParserStateObject stateObj)
   at System.Data.SqlClient.TdsParser.Run(RunBehavior runBehavior, SqlCommand cmdHandler, SqlDataReader dataStream, BulkCopySimpleResultSet bulkCopyHandler, TdsParserStateObject stateObj)
   at System.Data.SqlClient.SqlDataReader.HasMoreRows()
   at System.Data.SqlClient.SqlDataReader.ReadInternal(Boolean setTimeout)
   at System.Data.SqlClient.SqlDataReader.Read()
   at Unirecruite.QuestionPaper.Page_Load(Object sender, EventArgs e) in D:\Project VSS\OESV2_VSS\Source Code\Development Area\e-ExamTool New\OES_V2 old\Unirecruite\QuestionPaper.aspx.vb:line 323
DEBUG 2014-09-05 08:59:22,828 checkTestAppeared Of QuestionPaper - Error :System.IndexOutOfRangeException: Index was outside the bounds of the array.
   at Unirecruite.QuestionPaper.checkTestAppeared() in D:\Project VSS\OESV2_VSS\Source Code\Development Area\e-ExamTool New\OES_V2 old\Unirecruite\QuestionPaper.aspx.vb:line 2108
DEBUG 2014-09-05 08:59:22,828 Page_Load Of QuestionPaper - Error :System.Data.SqlClient.SqlException: Syntax error converting the varchar value 'J' to a column of data type int.
   at System.Data.SqlClient.SqlConnection.OnError(SqlException exception, Boolean breakConnection)
   at System.Data.SqlClient.SqlInternalConnection.OnError(SqlException exception, Boolean breakConnection)
   at System.Data.SqlClient.TdsParser.ThrowExceptionAndWarning(TdsParserStateObject stateObj)
   at System.Data.SqlClient.TdsParser.Run(RunBehavior runBehavior, SqlCommand cmdHandler, SqlDataReader dataStream, BulkCopySimpleResultSet bulkCopyHandler, TdsParserStateObject stateObj)
   at System.Data.SqlClient.SqlDataReader.HasMoreRows()
   at System.Data.SqlClient.SqlDataReader.ReadInternal(Boolean setTimeout)
   at System.Data.SqlClient.SqlDataReader.Read()
   at Unirecruite.QuestionPaper.Page_Load(Object sender, EventArgs e) in D:\Project VSS\OESV2_VSS\Source Code\Development Area\e-ExamTool New\OES_V2 old\Unirecruite\QuestionPaper.aspx.vb:line 323
DEBUG 2014-09-05 09:00:50,593 checkTestAppeared Of QuestionPaper - Error :System.IndexOutOfRangeException: Index was outside the bounds of the array.
   at Unirecruite.QuestionPaper.checkTestAppeared() in D:\Project VSS\OESV2_VSS\Source Code\Development Area\e-ExamTool New\OES_V2 old\Unirecruite\QuestionPaper.aspx.vb:line 2108
DEBUG 2014-09-05 09:00:50,609 Page_Load Of QuestionPaper - Error :System.Data.SqlClient.SqlException: Syntax error converting the varchar value 'J' to a column of data type int.
   at System.Data.SqlClient.SqlConnection.OnError(SqlException exception, Boolean breakConnection)
   at System.Data.SqlClient.SqlInternalConnection.OnError(SqlException exception, Boolean breakConnection)
   at System.Data.SqlClient.TdsParser.ThrowExceptionAndWarning(TdsParserStateObject stateObj)
   at System.Data.SqlClient.TdsParser.Run(RunBehavior runBehavior, SqlCommand cmdHandler, SqlDataReader dataStream, BulkCopySimpleResultSet bulkCopyHandler, TdsParserStateObject stateObj)
   at System.Data.SqlClient.SqlDataReader.HasMoreRows()
   at System.Data.SqlClient.SqlDataReader.ReadInternal(Boolean setTimeout)
   at System.Data.SqlClient.SqlDataReader.Read()
   at Unirecruite.QuestionPaper.Page_Load(Object sender, EventArgs e) in D:\Project VSS\OESV2_VSS\Source Code\Development Area\e-ExamTool New\OES_V2 old\Unirecruite\QuestionPaper.aspx.vb:line 323
DEBUG 2014-09-05 09:01:21,843 checkTestAppeared Of QuestionPaper - Error :System.IndexOutOfRangeException: Index was outside the bounds of the array.
   at Unirecruite.QuestionPaper.checkTestAppeared() in D:\Project VSS\OESV2_VSS\Source Code\Development Area\e-ExamTool New\OES_V2 old\Unirecruite\QuestionPaper.aspx.vb:line 2108
DEBUG 2014-09-05 09:01:21,843 Page_Load Of QuestionPaper - Error :System.Data.SqlClient.SqlException: Syntax error converting the varchar value 'J' to a column of data type int.
   at System.Data.SqlClient.SqlConnection.OnError(SqlException exception, Boolean breakConnection)
   at System.Data.SqlClient.SqlInternalConnection.OnError(SqlException exception, Boolean breakConnection)
   at System.Data.SqlClient.TdsParser.ThrowExceptionAndWarning(TdsParserStateObject stateObj)
   at System.Data.SqlClient.TdsParser.Run(RunBehavior runBehavior, SqlCommand cmdHandler, SqlDataReader dataStream, BulkCopySimpleResultSet bulkCopyHandler, TdsParserStateObject stateObj)
   at System.Data.SqlClient.SqlDataReader.HasMoreRows()
   at System.Data.SqlClient.SqlDataReader.ReadInternal(Boolean setTimeout)
   at System.Data.SqlClient.SqlDataReader.Read()
   at Unirecruite.QuestionPaper.Page_Load(Object sender, EventArgs e) in D:\Project VSS\OESV2_VSS\Source Code\Development Area\e-ExamTool New\OES_V2 old\Unirecruite\QuestionPaper.aspx.vb:line 323
DEBUG 2014-09-05 09:03:11,437 checkTestAppeared Of QuestionPaper - Error :System.IndexOutOfRangeException: Index was outside the bounds of the array.
   at Unirecruite.QuestionPaper.checkTestAppeared() in D:\Project VSS\OESV2_VSS\Source Code\Development Area\e-ExamTool New\OES_V2 old\Unirecruite\QuestionPaper.aspx.vb:line 2108
DEBUG 2014-09-05 09:03:11,437 Page_Load Of QuestionPaper - Error :System.Data.SqlClient.SqlException: Syntax error converting the varchar value 'J' to a column of data type int.
   at System.Data.SqlClient.SqlConnection.OnError(SqlException exception, Boolean breakConnection)
   at System.Data.SqlClient.SqlInternalConnection.OnError(SqlException exception, Boolean breakConnection)
   at System.Data.SqlClient.TdsParser.ThrowExceptionAndWarning(TdsParserStateObject stateObj)
   at System.Data.SqlClient.TdsParser.Run(RunBehavior runBehavior, SqlCommand cmdHandler, SqlDataReader dataStream, BulkCopySimpleResultSet bulkCopyHandler, TdsParserStateObject stateObj)
   at System.Data.SqlClient.SqlDataReader.HasMoreRows()
   at System.Data.SqlClient.SqlDataReader.ReadInternal(Boolean setTimeout)
   at System.Data.SqlClient.SqlDataReader.Read()
   at Unirecruite.QuestionPaper.Page_Load(Object sender, EventArgs e) in D:\Project VSS\OESV2_VSS\Source Code\Development Area\e-ExamTool New\OES_V2 old\Unirecruite\QuestionPaper.aspx.vb:line 323
DEBUG 2014-09-05 09:03:51,578 checkTestAppeared Of QuestionPaper - Error :System.IndexOutOfRangeException: Index was outside the bounds of the array.
   at Unirecruite.QuestionPaper.checkTestAppeared() in D:\Project VSS\OESV2_VSS\Source Code\Development Area\e-ExamTool New\OES_V2 old\Unirecruite\QuestionPaper.aspx.vb:line 2108
DEBUG 2014-09-05 09:03:51,593 Page_Load Of QuestionPaper - Error :System.Data.SqlClient.SqlException: Syntax error converting the varchar value 'J' to a column of data type int.
   at System.Data.SqlClient.SqlConnection.OnError(SqlException exception, Boolean breakConnection)
   at System.Data.SqlClient.SqlInternalConnection.OnError(SqlException exception, Boolean breakConnection)
   at System.Data.SqlClient.TdsParser.ThrowExceptionAndWarning(TdsParserStateObject stateObj)
   at System.Data.SqlClient.TdsParser.Run(RunBehavior runBehavior, SqlCommand cmdHandler, SqlDataReader dataStream, BulkCopySimpleResultSet bulkCopyHandler, TdsParserStateObject stateObj)
   at System.Data.SqlClient.SqlDataReader.HasMoreRows()
   at System.Data.SqlClient.SqlDataReader.ReadInternal(Boolean setTimeout)
   at System.Data.SqlClient.SqlDataReader.Read()
   at Unirecruite.QuestionPaper.Page_Load(Object sender, EventArgs e) in D:\Project VSS\OESV2_VSS\Source Code\Development Area\e-ExamTool New\OES_V2 old\Unirecruite\QuestionPaper.aspx.vb:line 323
DEBUG 2014-09-05 09:06:44,625 checkTestAppeared Of QuestionPaper - Error :System.IndexOutOfRangeException: Index was outside the bounds of the array.
   at Unirecruite.QuestionPaper.checkTestAppeared() in D:\Project VSS\OESV2_VSS\Source Code\Development Area\e-ExamTool New\OES_V2 old\Unirecruite\QuestionPaper.aspx.vb:line 2108
DEBUG 2014-09-05 09:06:44,625 Page_Load Of QuestionPaper - Error :System.Data.SqlClient.SqlException: Syntax error converting the varchar value 'J' to a column of data type int.
   at System.Data.SqlClient.SqlConnection.OnError(SqlException exception, Boolean breakConnection)
   at System.Data.SqlClient.SqlInternalConnection.OnError(SqlException exception, Boolean breakConnection)
   at System.Data.SqlClient.TdsParser.ThrowExceptionAndWarning(TdsParserStateObject stateObj)
   at System.Data.SqlClient.TdsParser.Run(RunBehavior runBehavior, SqlCommand cmdHandler, SqlDataReader dataStream, BulkCopySimpleResultSet bulkCopyHandler, TdsParserStateObject stateObj)
   at System.Data.SqlClient.SqlDataReader.HasMoreRows()
   at System.Data.SqlClient.SqlDataReader.ReadInternal(Boolean setTimeout)
   at System.Data.SqlClient.SqlDataReader.Read()
   at Unirecruite.QuestionPaper.Page_Load(Object sender, EventArgs e) in D:\Project VSS\OESV2_VSS\Source Code\Development Area\e-ExamTool New\OES_V2 old\Unirecruite\QuestionPaper.aspx.vb:line 323
DEBUG 2014-09-05 09:08:03,250 checkTestAppeared Of QuestionPaper - Error :System.IndexOutOfRangeException: Index was outside the bounds of the array.
   at Unirecruite.QuestionPaper.checkTestAppeared() in D:\Project VSS\OESV2_VSS\Source Code\Development Area\e-ExamTool New\OES_V2 old\Unirecruite\QuestionPaper.aspx.vb:line 2108
DEBUG 2014-09-05 09:08:03,250 Page_Load Of QuestionPaper - Error :System.Data.SqlClient.SqlException: Syntax error converting the varchar value 'J' to a column of data type int.
   at System.Data.SqlClient.SqlConnection.OnError(SqlException exception, Boolean breakConnection)
   at System.Data.SqlClient.SqlInternalConnection.OnError(SqlException exception, Boolean breakConnection)
   at System.Data.SqlClient.TdsParser.ThrowExceptionAndWarning(TdsParserStateObject stateObj)
   at System.Data.SqlClient.TdsParser.Run(RunBehavior runBehavior, SqlCommand cmdHandler, SqlDataReader dataStream, BulkCopySimpleResultSet bulkCopyHandler, TdsParserStateObject stateObj)
   at System.Data.SqlClient.SqlDataReader.HasMoreRows()
   at System.Data.SqlClient.SqlDataReader.ReadInternal(Boolean setTimeout)
   at System.Data.SqlClient.SqlDataReader.Read()
   at Unirecruite.QuestionPaper.Page_Load(Object sender, EventArgs e) in D:\Project VSS\OESV2_VSS\Source Code\Development Area\e-ExamTool New\OES_V2 old\Unirecruite\QuestionPaper.aspx.vb:line 323
DEBUG 2014-09-05 09:12:23,859 checkTestAppeared Of QuestionPaper - Error :System.IndexOutOfRangeException: Index was outside the bounds of the array.
   at Unirecruite.QuestionPaper.checkTestAppeared() in D:\Project VSS\OESV2_VSS\Source Code\Development Area\e-ExamTool New\OES_V2 old\Unirecruite\QuestionPaper.aspx.vb:line 2108
DEBUG 2014-09-05 09:12:23,859 Page_Load Of QuestionPaper - Error :System.Data.SqlClient.SqlException: Syntax error converting the varchar value 'J' to a column of data type int.
   at System.Data.SqlClient.SqlConnection.OnError(SqlException exception, Boolean breakConnection)
   at System.Data.SqlClient.SqlInternalConnection.OnError(SqlException exception, Boolean breakConnection)
   at System.Data.SqlClient.TdsParser.ThrowExceptionAndWarning(TdsParserStateObject stateObj)
   at System.Data.SqlClient.TdsParser.Run(RunBehavior runBehavior, SqlCommand cmdHandler, SqlDataReader dataStream, BulkCopySimpleResultSet bulkCopyHandler, TdsParserStateObject stateObj)
   at System.Data.SqlClient.SqlDataReader.HasMoreRows()
   at System.Data.SqlClient.SqlDataReader.ReadInternal(Boolean setTimeout)
   at System.Data.SqlClient.SqlDataReader.Read()
   at Unirecruite.QuestionPaper.Page_Load(Object sender, EventArgs e) in D:\Project VSS\OESV2_VSS\Source Code\Development Area\e-ExamTool New\OES_V2 old\Unirecruite\QuestionPaper.aspx.vb:line 323
DEBUG 2014-09-05 09:18:07,468 checkTestAppeared Of QuestionPaper - Error :System.IndexOutOfRangeException: Index was outside the bounds of the array.
   at Unirecruite.QuestionPaper.checkTestAppeared() in D:\Project VSS\OESV2_VSS\Source Code\Development Area\e-ExamTool New\OES_V2 old\Unirecruite\QuestionPaper.aspx.vb:line 2108
DEBUG 2014-09-05 09:18:07,468 Page_Load Of QuestionPaper - Error :System.Data.SqlClient.SqlException: Syntax error converting the varchar value 'J' to a column of data type int.
   at System.Data.SqlClient.SqlConnection.OnError(SqlException exception, Boolean breakConnection)
   at System.Data.SqlClient.SqlInternalConnection.OnError(SqlException exception, Boolean breakConnection)
   at System.Data.SqlClient.TdsParser.ThrowExceptionAndWarning(TdsParserStateObject stateObj)
   at System.Data.SqlClient.TdsParser.Run(RunBehavior runBehavior, SqlCommand cmdHandler, SqlDataReader dataStream, BulkCopySimpleResultSet bulkCopyHandler, TdsParserStateObject stateObj)
   at System.Data.SqlClient.SqlDataReader.HasMoreRows()
   at System.Data.SqlClient.SqlDataReader.ReadInternal(Boolean setTimeout)
   at System.Data.SqlClient.SqlDataReader.Read()
   at Unirecruite.QuestionPaper.Page_Load(Object sender, EventArgs e) in D:\Project VSS\OESV2_VSS\Source Code\Development Area\e-ExamTool New\OES_V2 old\Unirecruite\QuestionPaper.aspx.vb:line 323
DEBUG 2014-09-05 09:24:49,281 checkTestAppeared Of QuestionPaper - Error :System.IndexOutOfRangeException: Index was outside the bounds of the array.
   at Unirecruite.QuestionPaper.checkTestAppeared() in D:\Project VSS\OESV2_VSS\Source Code\Development Area\e-ExamTool New\OES_V2 old\Unirecruite\QuestionPaper.aspx.vb:line 2108
DEBUG 2014-09-05 09:24:49,281 Page_Load Of QuestionPaper - Error :System.Data.SqlClient.SqlException: Syntax error converting the varchar value 'J' to a column of data type int.
   at System.Data.SqlClient.SqlConnection.OnError(SqlException exception, Boolean breakConnection)
   at System.Data.SqlClient.SqlInternalConnection.OnError(SqlException exception, Boolean breakConnection)
   at System.Data.SqlClient.TdsParser.ThrowExceptionAndWarning(TdsParserStateObject stateObj)
   at System.Data.SqlClient.TdsParser.Run(RunBehavior runBehavior, SqlCommand cmdHandler, SqlDataReader dataStream, BulkCopySimpleResultSet bulkCopyHandler, TdsParserStateObject stateObj)
   at System.Data.SqlClient.SqlDataReader.HasMoreRows()
   at System.Data.SqlClient.SqlDataReader.ReadInternal(Boolean setTimeout)
   at System.Data.SqlClient.SqlDataReader.Read()
   at Unirecruite.QuestionPaper.Page_Load(Object sender, EventArgs e) in D:\Project VSS\OESV2_VSS\Source Code\Development Area\e-ExamTool New\OES_V2 old\Unirecruite\QuestionPaper.aspx.vb:line 323
DEBUG 2014-09-05 09:25:54,875 checkTestAppeared Of QuestionPaper - Error :System.IndexOutOfRangeException: Index was outside the bounds of the array.
   at Unirecruite.QuestionPaper.checkTestAppeared() in D:\Project VSS\OESV2_VSS\Source Code\Development Area\e-ExamTool New\OES_V2 old\Unirecruite\QuestionPaper.aspx.vb:line 2108
DEBUG 2014-09-05 09:25:54,875 Page_Load Of QuestionPaper - Error :System.Data.SqlClient.SqlException: Syntax error converting the varchar value 'J' to a column of data type int.
   at System.Data.SqlClient.SqlConnection.OnError(SqlException exception, Boolean breakConnection)
   at System.Data.SqlClient.SqlInternalConnection.OnError(SqlException exception, Boolean breakConnection)
   at System.Data.SqlClient.TdsParser.ThrowExceptionAndWarning(TdsParserStateObject stateObj)
   at System.Data.SqlClient.TdsParser.Run(RunBehavior runBehavior, SqlCommand cmdHandler, SqlDataReader dataStream, BulkCopySimpleResultSet bulkCopyHandler, TdsParserStateObject stateObj)
   at System.Data.SqlClient.SqlDataReader.HasMoreRows()
   at System.Data.SqlClient.SqlDataReader.ReadInternal(Boolean setTimeout)
   at System.Data.SqlClient.SqlDataReader.Read()
   at Unirecruite.QuestionPaper.Page_Load(Object sender, EventArgs e) in D:\Project VSS\OESV2_VSS\Source Code\Development Area\e-ExamTool New\OES_V2 old\Unirecruite\QuestionPaper.aspx.vb:line 323
DEBUG 2014-09-05 09:27:16,468 UpdateLabel Of QuestionPaper - Error :System.NullReferenceException: Object reference not set to an instance of an object.
   at Unirecruite.QuestionPaper.UpdateLabel() in D:\Project VSS\OESV2_VSS\Source Code\Development Area\e-ExamTool New\OES_V2 old\Unirecruite\QuestionPaper.aspx.vb:line 645
DEBUG 2014-09-05 11:34:58,890 GetMarksForSubject Of QuestionPaper - Error :System.ArgumentException: Item has already been added. Key in dictionary: '469'  Key being added: '469'
   at System.Collections.Hashtable.Insert(Object key, Object nvalue, Boolean add)
   at System.Collections.Hashtable.Add(Object key, Object value)
   at Unirecruite.QuestionPaper.GetMarksForSubject(String Course_id, Int32 TotalMarks, String UID) in D:\Project VSS\OESV2_VSS\Source Code\Development Area\e-ExamTool New\OES_V2 old\Unirecruite\QuestionPaper.aspx.vb:line 4707
DEBUG 2014-09-05 11:34:58,906 CheckQuestions Of QuestionPaper - Error :System.ArgumentException: Item has already been added. Key in dictionary: '469'  Key being added: '469'
   at Unirecruite.QuestionPaper.GetMarksForSubject(String Course_id, Int32 TotalMarks, String UID) in D:\Project VSS\OESV2_VSS\Source Code\Development Area\e-ExamTool New\OES_V2 old\Unirecruite\QuestionPaper.aspx.vb:line 4721
   at Unirecruite.QuestionPaper.CheckQuestions(String Cid) in D:\Project VSS\OESV2_VSS\Source Code\Development Area\e-ExamTool New\OES_V2 old\Unirecruite\QuestionPaper.aspx.vb:line 4368
DEBUG 2014-09-05 11:34:58,906 Page_Load Of QuestionPaper - Error :System.ArgumentException: Item has already been added. Key in dictionary: '469'  Key being added: '469'
   at Unirecruite.QuestionPaper.CheckQuestions(String Cid) in D:\Project VSS\OESV2_VSS\Source Code\Development Area\e-ExamTool New\OES_V2 old\Unirecruite\QuestionPaper.aspx.vb:line 4654
   at Unirecruite.QuestionPaper.Page_Load(Object sender, EventArgs e) in D:\Project VSS\OESV2_VSS\Source Code\Development Area\e-ExamTool New\OES_V2 old\Unirecruite\QuestionPaper.aspx.vb:line 399
DEBUG 2014-09-05 11:35:19,718 GetMarksForSubject Of QuestionPaper - Error :System.ArgumentException: Item has already been added. Key in dictionary: '469'  Key being added: '469'
   at System.Collections.Hashtable.Insert(Object key, Object nvalue, Boolean add)
   at System.Collections.Hashtable.Add(Object key, Object value)
   at Unirecruite.QuestionPaper.GetMarksForSubject(String Course_id, Int32 TotalMarks, String UID) in D:\Project VSS\OESV2_VSS\Source Code\Development Area\e-ExamTool New\OES_V2 old\Unirecruite\QuestionPaper.aspx.vb:line 4707
DEBUG 2014-09-05 11:35:19,718 CheckQuestions Of QuestionPaper - Error :System.ArgumentException: Item has already been added. Key in dictionary: '469'  Key being added: '469'
   at Unirecruite.QuestionPaper.GetMarksForSubject(String Course_id, Int32 TotalMarks, String UID) in D:\Project VSS\OESV2_VSS\Source Code\Development Area\e-ExamTool New\OES_V2 old\Unirecruite\QuestionPaper.aspx.vb:line 4721
   at Unirecruite.QuestionPaper.CheckQuestions(String Cid) in D:\Project VSS\OESV2_VSS\Source Code\Development Area\e-ExamTool New\OES_V2 old\Unirecruite\QuestionPaper.aspx.vb:line 4368
DEBUG 2014-09-05 11:35:19,718 Page_Load Of QuestionPaper - Error :System.ArgumentException: Item has already been added. Key in dictionary: '469'  Key being added: '469'
   at Unirecruite.QuestionPaper.CheckQuestions(String Cid) in D:\Project VSS\OESV2_VSS\Source Code\Development Area\e-ExamTool New\OES_V2 old\Unirecruite\QuestionPaper.aspx.vb:line 4654
   at Unirecruite.QuestionPaper.Page_Load(Object sender, EventArgs e) in D:\Project VSS\OESV2_VSS\Source Code\Development Area\e-ExamTool New\OES_V2 old\Unirecruite\QuestionPaper.aspx.vb:line 399
DEBUG 2014-09-05 11:37:15,203 GetMarksForSubject Of QuestionPaper - Error :System.ArgumentException: Item has already been added. Key in dictionary: '469'  Key being added: '469'
   at System.Collections.Hashtable.Insert(Object key, Object nvalue, Boolean add)
   at System.Collections.Hashtable.Add(Object key, Object value)
   at Unirecruite.QuestionPaper.GetMarksForSubject(String Course_id, Int32 TotalMarks, String UID) in D:\Project VSS\OESV2_VSS\Source Code\Development Area\e-ExamTool New\OES_V2 old\Unirecruite\QuestionPaper.aspx.vb:line 4707
DEBUG 2014-09-05 11:37:15,203 CheckQuestions Of QuestionPaper - Error :System.ArgumentException: Item has already been added. Key in dictionary: '469'  Key being added: '469'
   at Unirecruite.QuestionPaper.GetMarksForSubject(String Course_id, Int32 TotalMarks, String UID) in D:\Project VSS\OESV2_VSS\Source Code\Development Area\e-ExamTool New\OES_V2 old\Unirecruite\QuestionPaper.aspx.vb:line 4721
   at Unirecruite.QuestionPaper.CheckQuestions(String Cid) in D:\Project VSS\OESV2_VSS\Source Code\Development Area\e-ExamTool New\OES_V2 old\Unirecruite\QuestionPaper.aspx.vb:line 4368
DEBUG 2014-09-05 11:37:15,203 Page_Load Of QuestionPaper - Error :System.ArgumentException: Item has already been added. Key in dictionary: '469'  Key being added: '469'
   at Unirecruite.QuestionPaper.CheckQuestions(String Cid) in D:\Project VSS\OESV2_VSS\Source Code\Development Area\e-ExamTool New\OES_V2 old\Unirecruite\QuestionPaper.aspx.vb:line 4654
   at Unirecruite.QuestionPaper.Page_Load(Object sender, EventArgs e) in D:\Project VSS\OESV2_VSS\Source Code\Development Area\e-ExamTool New\OES_V2 old\Unirecruite\QuestionPaper.aspx.vb:line 399
DEBUG 2014-09-05 13:43:31,718 GetMarksForSubject Of QuestionPaper - Error :System.ArgumentException: Item has already been added. Key in dictionary: '469'  Key being added: '469'
   at System.Collections.Hashtable.Insert(Object key, Object nvalue, Boolean add)
   at System.Collections.Hashtable.Add(Object key, Object value)
   at Unirecruite.QuestionPaper.GetMarksForSubject(String Course_id, Int32 TotalMarks, String UID) in D:\Project VSS\OESV2_VSS\Source Code\Development Area\e-ExamTool New\OES_V2 old\Unirecruite\QuestionPaper.aspx.vb:line 4707
DEBUG 2014-09-05 13:43:31,718 CheckQuestions Of QuestionPaper - Error :System.ArgumentException: Item has already been added. Key in dictionary: '469'  Key being added: '469'
   at Unirecruite.QuestionPaper.GetMarksForSubject(String Course_id, Int32 TotalMarks, String UID) in D:\Project VSS\OESV2_VSS\Source Code\Development Area\e-ExamTool New\OES_V2 old\Unirecruite\QuestionPaper.aspx.vb:line 4721
   at Unirecruite.QuestionPaper.CheckQuestions(String Cid) in D:\Project VSS\OESV2_VSS\Source Code\Development Area\e-ExamTool New\OES_V2 old\Unirecruite\QuestionPaper.aspx.vb:line 4368
DEBUG 2014-09-05 13:43:31,718 Page_Load Of QuestionPaper - Error :System.ArgumentException: Item has already been added. Key in dictionary: '469'  Key being added: '469'
   at Unirecruite.QuestionPaper.CheckQuestions(String Cid) in D:\Project VSS\OESV2_VSS\Source Code\Development Area\e-ExamTool New\OES_V2 old\Unirecruite\QuestionPaper.aspx.vb:line 4654
   at Unirecruite.QuestionPaper.Page_Load(Object sender, EventArgs e) in D:\Project VSS\OESV2_VSS\Source Code\Development Area\e-ExamTool New\OES_V2 old\Unirecruite\QuestionPaper.aspx.vb:line 399
DEBUG 2014-09-05 13:55:21,000 GetMarksForSubject Of QuestionPaper - Error :System.ArgumentException: Item has already been added. Key in dictionary: '469'  Key being added: '469'
   at System.Collections.Hashtable.Insert(Object key, Object nvalue, Boolean add)
   at System.Collections.Hashtable.Add(Object key, Object value)
   at Unirecruite.QuestionPaper.GetMarksForSubject(String Course_id, Int32 TotalMarks, String UID) in D:\Project VSS\OESV2_VSS\Source Code\Development Area\e-ExamTool New\OES_V2 old\Unirecruite\QuestionPaper.aspx.vb:line 4707
DEBUG 2014-09-05 13:55:21,000 CheckQuestions Of QuestionPaper - Error :System.ArgumentException: Item has already been added. Key in dictionary: '469'  Key being added: '469'
   at Unirecruite.QuestionPaper.GetMarksForSubject(String Course_id, Int32 TotalMarks, String UID) in D:\Project VSS\OESV2_VSS\Source Code\Development Area\e-ExamTool New\OES_V2 old\Unirecruite\QuestionPaper.aspx.vb:line 4721
   at Unirecruite.QuestionPaper.CheckQuestions(String Cid) in D:\Project VSS\OESV2_VSS\Source Code\Development Area\e-ExamTool New\OES_V2 old\Unirecruite\QuestionPaper.aspx.vb:line 4368
DEBUG 2014-09-05 13:55:21,000 Page_Load Of QuestionPaper - Error :System.ArgumentException: Item has already been added. Key in dictionary: '469'  Key being added: '469'
   at Unirecruite.QuestionPaper.CheckQuestions(String Cid) in D:\Project VSS\OESV2_VSS\Source Code\Development Area\e-ExamTool New\OES_V2 old\Unirecruite\QuestionPaper.aspx.vb:line 4654
   at Unirecruite.QuestionPaper.Page_Load(Object sender, EventArgs e) in D:\Project VSS\OESV2_VSS\Source Code\Development Area\e-ExamTool New\OES_V2 old\Unirecruite\QuestionPaper.aspx.vb:line 399
DEBUG 2014-09-05 14:16:20,906 GetQTypeCountForSubject Of QuestionPaper - Error :System.IndexOutOfRangeException: There is no row at position 0.
   at System.Data.RBTree`1.GetNodeByIndex(Int32 userIndex)
   at System.Data.RBTree`1.get_Item(Int32 index)
   at System.Data.DataRowCollection.get_Item(Int32 index)
   at Unirecruite.QuestionPaper.GetQTypeCountForSubject(Int32 test_type, Int32 totalMarks, String Course_id) in D:\Project VSS\OESV2_VSS\Source Code\Development Area\e-ExamTool New\OES_V2 old\Unirecruite\QuestionPaper.aspx.vb:line 4865
DEBUG 2014-09-05 14:16:20,906 CheckQuestions Of QuestionPaper - Error :System.IndexOutOfRangeException: There is no row at position 0.
   at Unirecruite.QuestionPaper.GetQTypeCountForSubject(Int32 test_type, Int32 totalMarks, String Course_id) in D:\Project VSS\OESV2_VSS\Source Code\Development Area\e-ExamTool New\OES_V2 old\Unirecruite\QuestionPaper.aspx.vb:line 4911
   at Unirecruite.QuestionPaper.CheckQuestions(String Cid) in D:\Project VSS\OESV2_VSS\Source Code\Development Area\e-ExamTool New\OES_V2 old\Unirecruite\QuestionPaper.aspx.vb:line 4371
DEBUG 2014-09-05 14:16:20,906 Page_Load Of QuestionPaper - Error :System.IndexOutOfRangeException: There is no row at position 0.
   at Unirecruite.QuestionPaper.CheckQuestions(String Cid) in D:\Project VSS\OESV2_VSS\Source Code\Development Area\e-ExamTool New\OES_V2 old\Unirecruite\QuestionPaper.aspx.vb:line 4654
   at Unirecruite.QuestionPaper.Page_Load(Object sender, EventArgs e) in D:\Project VSS\OESV2_VSS\Source Code\Development Area\e-ExamTool New\OES_V2 old\Unirecruite\QuestionPaper.aspx.vb:line 399
DEBUG 2014-09-05 14:17:02,421 GetQTypeCountForSubject Of QuestionPaper - Error :System.IndexOutOfRangeException: There is no row at position 0.
   at System.Data.RBTree`1.GetNodeByIndex(Int32 userIndex)
   at System.Data.RBTree`1.get_Item(Int32 index)
   at System.Data.DataRowCollection.get_Item(Int32 index)
   at Unirecruite.QuestionPaper.GetQTypeCountForSubject(Int32 test_type, Int32 totalMarks, String Course_id) in D:\Project VSS\OESV2_VSS\Source Code\Development Area\e-ExamTool New\OES_V2 old\Unirecruite\QuestionPaper.aspx.vb:line 4865
DEBUG 2014-09-05 14:17:02,421 CheckQuestions Of QuestionPaper - Error :System.IndexOutOfRangeException: There is no row at position 0.
   at Unirecruite.QuestionPaper.GetQTypeCountForSubject(Int32 test_type, Int32 totalMarks, String Course_id) in D:\Project VSS\OESV2_VSS\Source Code\Development Area\e-ExamTool New\OES_V2 old\Unirecruite\QuestionPaper.aspx.vb:line 4911
   at Unirecruite.QuestionPaper.CheckQuestions(String Cid) in D:\Project VSS\OESV2_VSS\Source Code\Development Area\e-ExamTool New\OES_V2 old\Unirecruite\QuestionPaper.aspx.vb:line 4371
DEBUG 2014-09-05 14:17:02,421 Page_Load Of QuestionPaper - Error :System.IndexOutOfRangeException: There is no row at position 0.
   at Unirecruite.QuestionPaper.CheckQuestions(String Cid) in D:\Project VSS\OESV2_VSS\Source Code\Development Area\e-ExamTool New\OES_V2 old\Unirecruite\QuestionPaper.aspx.vb:line 4654
   at Unirecruite.QuestionPaper.Page_Load(Object sender, EventArgs e) in D:\Project VSS\OESV2_VSS\Source Code\Development Area\e-ExamTool New\OES_V2 old\Unirecruite\QuestionPaper.aspx.vb:line 399
DEBUG 2014-09-05 14:19:13,906 GetQTypeCountForSubject Of QuestionPaper - Error :System.IndexOutOfRangeException: There is no row at position 0.
   at System.Data.RBTree`1.GetNodeByIndex(Int32 userIndex)
   at System.Data.RBTree`1.get_Item(Int32 index)
   at System.Data.DataRowCollection.get_Item(Int32 index)
   at Unirecruite.QuestionPaper.GetQTypeCountForSubject(Int32 test_type, Int32 totalMarks, String Course_id) in D:\Project VSS\OESV2_VSS\Source Code\Development Area\e-ExamTool New\OES_V2 old\Unirecruite\QuestionPaper.aspx.vb:line 4865
DEBUG 2014-09-05 14:19:13,906 CheckQuestions Of QuestionPaper - Error :System.IndexOutOfRangeException: There is no row at position 0.
   at Unirecruite.QuestionPaper.GetQTypeCountForSubject(Int32 test_type, Int32 totalMarks, String Course_id) in D:\Project VSS\OESV2_VSS\Source Code\Development Area\e-ExamTool New\OES_V2 old\Unirecruite\QuestionPaper.aspx.vb:line 4911
   at Unirecruite.QuestionPaper.CheckQuestions(String Cid) in D:\Project VSS\OESV2_VSS\Source Code\Development Area\e-ExamTool New\OES_V2 old\Unirecruite\QuestionPaper.aspx.vb:line 4371
DEBUG 2014-09-05 14:19:13,906 Page_Load Of QuestionPaper - Error :System.IndexOutOfRangeException: There is no row at position 0.
   at Unirecruite.QuestionPaper.CheckQuestions(String Cid) in D:\Project VSS\OESV2_VSS\Source Code\Development Area\e-ExamTool New\OES_V2 old\Unirecruite\QuestionPaper.aspx.vb:line 4654
   at Unirecruite.QuestionPaper.Page_Load(Object sender, EventArgs e) in D:\Project VSS\OESV2_VSS\Source Code\Development Area\e-ExamTool New\OES_V2 old\Unirecruite\QuestionPaper.aspx.vb:line 399
DEBUG 2014-09-05 14:41:07,421 UpdateLabel Of QuestionPaper - Error :System.NullReferenceException: Object reference not set to an instance of an object.
   at Unirecruite.QuestionPaper.UpdateLabel() in D:\Project VSS\OESV2_VSS\Source Code\Development Area\e-ExamTool New\OES_V2 old\Unirecruite\QuestionPaper.aspx.vb:line 645
DEBUG 2014-09-05 14:41:07,421 UpdateLabel Of QuestionPaper - Error :System.NullReferenceException: Object reference not set to an instance of an object.
   at Unirecruite.QuestionPaper.UpdateLabel() in D:\Project VSS\OESV2_VSS\Source Code\Development Area\e-ExamTool New\OES_V2 old\Unirecruite\QuestionPaper.aspx.vb:line 645
DEBUG 2014-09-05 14:41:07,453 InsertData Of QuestionPaper - Error :System.NullReferenceException: Object reference not set to an instance of an object.
   at Unirecruite.QuestionPaper.InsertData() in D:\Project VSS\OESV2_VSS\Source Code\Development Area\e-ExamTool New\OES_V2 old\Unirecruite\QuestionPaper.aspx.vb:line 2409
DEBUG 2014-09-05 14:41:07,468 GetCandidateResult Of QuestionPaper - Error :System.Data.SqlClient.SqlException: Incorrect syntax near the keyword 'and'.
   at System.Data.SqlClient.SqlConnection.OnError(SqlException exception, Boolean breakConnection)
   at System.Data.SqlClient.SqlInternalConnection.OnError(SqlException exception, Boolean breakConnection)
   at System.Data.SqlClient.TdsParser.ThrowExceptionAndWarning(TdsParserStateObject stateObj)
   at System.Data.SqlClient.TdsParser.Run(RunBehavior runBehavior, SqlCommand cmdHandler, SqlDataReader dataStream, BulkCopySimpleResultSet bulkCopyHandler, TdsParserStateObject stateObj)
   at System.Data.SqlClient.SqlDataReader.ConsumeMetaData()
   at System.Data.SqlClient.SqlDataReader.get_MetaData()
   at System.Data.SqlClient.SqlCommand.FinishExecuteReader(SqlDataReader ds, RunBehavior runBehavior, String resetOptionsString)
   at System.Data.SqlClient.SqlCommand.RunExecuteReaderTds(CommandBehavior cmdBehavior, RunBehavior runBehavior, Boolean returnStream, Boolean async)
   at System.Data.SqlClient.SqlCommand.RunExecuteReader(CommandBehavior cmdBehavior, RunBehavior runBehavior, Boolean returnStream, String method, DbAsyncResult result)
   at System.Data.SqlClient.SqlCommand.RunExecuteReader(CommandBehavior cmdBehavior, RunBehavior runBehavior, Boolean returnStream, String method)
   at System.Data.SqlClient.SqlCommand.ExecuteReader(CommandBehavior behavior, String method)
   at System.Data.SqlClient.SqlCommand.ExecuteDbDataReader(CommandBehavior behavior)
   at System.Data.Common.DbCommand.System.Data.IDbCommand.ExecuteReader(CommandBehavior behavior)
   at System.Data.Common.DbDataAdapter.FillInternal(DataSet dataset, DataTable[] datatables, Int32 startRecord, Int32 maxRecords, String srcTable, IDbCommand command, CommandBehavior behavior)
   at System.Data.Common.DbDataAdapter.Fill(DataSet dataSet, Int32 startRecord, Int32 maxRecords, String srcTable, IDbCommand command, CommandBehavior behavior)
   at System.Data.Common.DbDataAdapter.Fill(DataSet dataSet)
   at Unirecruite.QuestionPaper.GetCandidateResult(String CandidateID, String courseID) in D:\Project VSS\OESV2_VSS\Source Code\Development Area\e-ExamTool New\OES_V2 old\Unirecruite\QuestionPaper.aspx.vb:line 5683
DEBUG 2014-09-05 14:59:26,796 ExportExamDetails Of ExamResult - Error :System.Runtime.InteropServices.COMException (0x80004005): Error HRESULT E_FAIL has been returned from a call to a COM component.
   at Microsoft.Office.Interop.Excel.Workbooks.Open(String Filename, Object UpdateLinks, Object ReadOnly, Object Format, Object Password, Object WriteResPassword, Object IgnoreReadOnlyRecommended, Object Origin, Object Delimiter, Object Editable, Object Notify, Object Converter, Object AddToMru, Object Local, Object CorruptLoad)
   at Unirecruite.ExamResult.ExportExamDetails() in D:\Project VSS\OESV2_VSS\Source Code\Development Area\e-ExamTool New\OES_V2 old\Unirecruite\ExamResult.aspx.vb:line 150
DEBUG 2014-09-05 14:59:26,843 ExportExamDetails Of ExamResult - Error :   at Microsoft.Office.Interop.Excel.Workbooks.Open(String Filename, Object UpdateLinks, Object ReadOnly, Object Format, Object Password, Object WriteResPassword, Object IgnoreReadOnlyRecommended, Object Origin, Object Delimiter, Object Editable, Object Notify, Object Converter, Object AddToMru, Object Local, Object CorruptLoad)
   at Unirecruite.ExamResult.ExportExamDetails() in D:\Project VSS\OESV2_VSS\Source Code\Development Area\e-ExamTool New\OES_V2 old\Unirecruite\ExamResult.aspx.vb:line 150
DEBUG 2014-09-05 15:05:25,703 ExportExamDetails Of ExamResult - Error :System.Runtime.InteropServices.COMException (0x80080005): Retrieving the COM class factory for component with CLSID {00024500-0000-0000-C000-000000000046} failed due to the following error: 80080005.
   at Unirecruite.ExamResult.ExportExamDetails() in D:\Project VSS\OESV2_VSS\Source Code\Development Area\e-ExamTool New\OES_V2 old\Unirecruite\ExamResult.aspx.vb:line 148
DEBUG 2014-09-05 15:05:25,703 ExportExamDetails Of ExamResult - Error :   at Unirecruite.ExamResult.ExportExamDetails() in D:\Project VSS\OESV2_VSS\Source Code\Development Area\e-ExamTool New\OES_V2 old\Unirecruite\ExamResult.aspx.vb:line 148
DEBUG 2014-09-05 15:06:26,703 ExportExamDetails Of ExamResult - Error :System.Runtime.InteropServices.COMException (0x80080005): Retrieving the COM class factory for component with CLSID {00024500-0000-0000-C000-000000000046} failed due to the following error: 80080005.
   at Unirecruite.ExamResult.ExportExamDetails() in D:\Project VSS\OESV2_VSS\Source Code\Development Area\e-ExamTool New\OES_V2 old\Unirecruite\ExamResult.aspx.vb:line 148
DEBUG 2014-09-05 15:06:26,703 ExportExamDetails Of ExamResult - Error :   at Unirecruite.ExamResult.ExportExamDetails() in D:\Project VSS\OESV2_VSS\Source Code\Development Area\e-ExamTool New\OES_V2 old\Unirecruite\ExamResult.aspx.vb:line 148
DEBUG 2014-09-05 15:07:00,296 ExportExamDetails Of ExamResult - Error :System.Runtime.InteropServices.COMException (0x80080005): Retrieving the COM class factory for component with CLSID {00024500-0000-0000-C000-000000000046} failed due to the following error: 80080005.
   at Unirecruite.ExamResult.ExportExamDetails() in D:\Project VSS\OESV2_VSS\Source Code\Development Area\e-ExamTool New\OES_V2 old\Unirecruite\ExamResult.aspx.vb:line 148
DEBUG 2014-09-05 15:07:00,296 ExportExamDetails Of ExamResult - Error :   at Unirecruite.ExamResult.ExportExamDetails() in D:\Project VSS\OESV2_VSS\Source Code\Development Area\e-ExamTool New\OES_V2 old\Unirecruite\ExamResult.aspx.vb:line 148
DEBUG 2014-09-05 15:13:48,734 ExportExamDetails Of ExamResult - Error :System.Runtime.InteropServices.COMException (0x80080005): Retrieving the COM class factory for component with CLSID {00024500-0000-0000-C000-000000000046} failed due to the following error: 80080005.
   at Unirecruite.ExamResult.ExportExamDetails() in D:\Project VSS\OESV2_VSS\Source Code\Development Area\e-ExamTool New\OES_V2 old\Unirecruite\ExamResult.aspx.vb:line 148
DEBUG 2014-09-05 15:13:48,750 ExportExamDetails Of ExamResult - Error :   at Unirecruite.ExamResult.ExportExamDetails() in D:\Project VSS\OESV2_VSS\Source Code\Development Area\e-ExamTool New\OES_V2 old\Unirecruite\ExamResult.aspx.vb:line 148
DEBUG 2014-09-05 15:15:20,578 ExportExamDetails Of ExamResult - Error :System.Runtime.InteropServices.COMException (0x80080005): Retrieving the COM class factory for component with CLSID {00024500-0000-0000-C000-000000000046} failed due to the following error: 80080005.
   at Unirecruite.ExamResult.ExportExamDetails() in D:\Project VSS\OESV2_VSS\Source Code\Development Area\e-ExamTool New\OES_V2 old\Unirecruite\ExamResult.aspx.vb:line 148
DEBUG 2014-09-05 15:15:20,578 ExportExamDetails Of ExamResult - Error :   at Unirecruite.ExamResult.ExportExamDetails() in D:\Project VSS\OESV2_VSS\Source Code\Development Area\e-ExamTool New\OES_V2 old\Unirecruite\ExamResult.aspx.vb:line 148
DEBUG 2014-09-05 15:16:19,015 ExportExamDetails Of ExamResult - Error :System.Runtime.InteropServices.COMException (0x80080005): Retrieving the COM class factory for component with CLSID {00024500-0000-0000-C000-000000000046} failed due to the following error: 80080005.
   at Unirecruite.ExamResult.ExportExamDetails() in D:\Project VSS\OESV2_VSS\Source Code\Development Area\e-ExamTool New\OES_V2 old\Unirecruite\ExamResult.aspx.vb:line 148
DEBUG 2014-09-05 15:16:19,015 ExportExamDetails Of ExamResult - Error :   at Unirecruite.ExamResult.ExportExamDetails() in D:\Project VSS\OESV2_VSS\Source Code\Development Area\e-ExamTool New\OES_V2 old\Unirecruite\ExamResult.aspx.vb:line 148
DEBUG 2014-09-05 15:17:22,953 ExportExamDetails Of ExamResult - Error :System.Runtime.InteropServices.COMException (0x80080005): Retrieving the COM class factory for component with CLSID {00024500-0000-0000-C000-000000000046} failed due to the following error: 80080005.
   at Unirecruite.ExamResult.ExportExamDetails() in D:\Project VSS\OESV2_VSS\Source Code\Development Area\e-ExamTool New\OES_V2 old\Unirecruite\ExamResult.aspx.vb:line 148
DEBUG 2014-09-05 15:17:22,953 ExportExamDetails Of ExamResult - Error :   at Unirecruite.ExamResult.ExportExamDetails() in D:\Project VSS\OESV2_VSS\Source Code\Development Area\e-ExamTool New\OES_V2 old\Unirecruite\ExamResult.aspx.vb:line 148
DEBUG 2014-09-05 15:17:33,171 UpdateLabel Of QuestionPaper - Error :System.NullReferenceException: Object reference not set to an instance of an object.
   at Unirecruite.QuestionPaper.UpdateLabel() in D:\Project VSS\OESV2_VSS\Source Code\Development Area\e-ExamTool New\OES_V2 old\Unirecruite\QuestionPaper.aspx.vb:line 645
DEBUG 2014-09-05 15:17:33,171 UpdateLabel Of QuestionPaper - Error :System.NullReferenceException: Object reference not set to an instance of an object.
   at Unirecruite.QuestionPaper.UpdateLabel() in D:\Project VSS\OESV2_VSS\Source Code\Development Area\e-ExamTool New\OES_V2 old\Unirecruite\QuestionPaper.aspx.vb:line 645
DEBUG 2014-09-05 15:17:33,171 InsertData Of QuestionPaper - Error :System.NullReferenceException: Object reference not set to an instance of an object.
   at Unirecruite.QuestionPaper.InsertData() in D:\Project VSS\OESV2_VSS\Source Code\Development Area\e-ExamTool New\OES_V2 old\Unirecruite\QuestionPaper.aspx.vb:line 2409
DEBUG 2014-09-05 15:17:33,171 GetCandidateResult Of QuestionPaper - Error :System.Data.SqlClient.SqlException: Incorrect syntax near the keyword 'and'.
   at System.Data.SqlClient.SqlConnection.OnError(SqlException exception, Boolean breakConnection)
   at System.Data.SqlClient.SqlInternalConnection.OnError(SqlException exception, Boolean breakConnection)
   at System.Data.SqlClient.TdsParser.ThrowExceptionAndWarning(TdsParserStateObject stateObj)
   at System.Data.SqlClient.TdsParser.Run(RunBehavior runBehavior, SqlCommand cmdHandler, SqlDataReader dataStream, BulkCopySimpleResultSet bulkCopyHandler, TdsParserStateObject stateObj)
   at System.Data.SqlClient.SqlDataReader.ConsumeMetaData()
   at System.Data.SqlClient.SqlDataReader.get_MetaData()
   at System.Data.SqlClient.SqlCommand.FinishExecuteReader(SqlDataReader ds, RunBehavior runBehavior, String resetOptionsString)
   at System.Data.SqlClient.SqlCommand.RunExecuteReaderTds(CommandBehavior cmdBehavior, RunBehavior runBehavior, Boolean returnStream, Boolean async)
   at System.Data.SqlClient.SqlCommand.RunExecuteReader(CommandBehavior cmdBehavior, RunBehavior runBehavior, Boolean returnStream, String method, DbAsyncResult result)
   at System.Data.SqlClient.SqlCommand.RunExecuteReader(CommandBehavior cmdBehavior, RunBehavior runBehavior, Boolean returnStream, String method)
   at System.Data.SqlClient.SqlCommand.ExecuteReader(CommandBehavior behavior, String method)
   at System.Data.SqlClient.SqlCommand.ExecuteDbDataReader(CommandBehavior behavior)
   at System.Data.Common.DbCommand.System.Data.IDbCommand.ExecuteReader(CommandBehavior behavior)
   at System.Data.Common.DbDataAdapter.FillInternal(DataSet dataset, DataTable[] datatables, Int32 startRecord, Int32 maxRecords, String srcTable, IDbCommand command, CommandBehavior behavior)
   at System.Data.Common.DbDataAdapter.Fill(DataSet dataSet, Int32 startRecord, Int32 maxRecords, String srcTable, IDbCommand command, CommandBehavior behavior)
   at System.Data.Common.DbDataAdapter.Fill(DataSet dataSet)
   at Unirecruite.QuestionPaper.GetCandidateResult(String CandidateID, String courseID) in D:\Project VSS\OESV2_VSS\Source Code\Development Area\e-ExamTool New\OES_V2 old\Unirecruite\QuestionPaper.aspx.vb:line 5683
DEBUG 2014-09-05 15:19:04,140 UpdateLabel Of QuestionPaper - Error :System.NullReferenceException: Object reference not set to an instance of an object.
   at Unirecruite.QuestionPaper.UpdateLabel() in D:\Project VSS\OESV2_VSS\Source Code\Development Area\e-ExamTool New\OES_V2 old\Unirecruite\QuestionPaper.aspx.vb:line 645
DEBUG 2014-09-05 15:19:04,140 UpdateLabel Of QuestionPaper - Error :System.NullReferenceException: Object reference not set to an instance of an object.
   at Unirecruite.QuestionPaper.UpdateLabel() in D:\Project VSS\OESV2_VSS\Source Code\Development Area\e-ExamTool New\OES_V2 old\Unirecruite\QuestionPaper.aspx.vb:line 645
DEBUG 2014-09-05 15:19:04,140 InsertData Of QuestionPaper - Error :System.NullReferenceException: Object reference not set to an instance of an object.
   at Unirecruite.QuestionPaper.InsertData() in D:\Project VSS\OESV2_VSS\Source Code\Development Area\e-ExamTool New\OES_V2 old\Unirecruite\QuestionPaper.aspx.vb:line 2409
DEBUG 2014-09-05 15:19:04,140 GetCandidateResult Of QuestionPaper - Error :System.Data.SqlClient.SqlException: Incorrect syntax near the keyword 'and'.
   at System.Data.SqlClient.SqlConnection.OnError(SqlException exception, Boolean breakConnection)
   at System.Data.SqlClient.SqlInternalConnection.OnError(SqlException exception, Boolean breakConnection)
   at System.Data.SqlClient.TdsParser.ThrowExceptionAndWarning(TdsParserStateObject stateObj)
   at System.Data.SqlClient.TdsParser.Run(RunBehavior runBehavior, SqlCommand cmdHandler, SqlDataReader dataStream, BulkCopySimpleResultSet bulkCopyHandler, TdsParserStateObject stateObj)
   at System.Data.SqlClient.SqlDataReader.ConsumeMetaData()
   at System.Data.SqlClient.SqlDataReader.get_MetaData()
   at System.Data.SqlClient.SqlCommand.FinishExecuteReader(SqlDataReader ds, RunBehavior runBehavior, String resetOptionsString)
   at System.Data.SqlClient.SqlCommand.RunExecuteReaderTds(CommandBehavior cmdBehavior, RunBehavior runBehavior, Boolean returnStream, Boolean async)
   at System.Data.SqlClient.SqlCommand.RunExecuteReader(CommandBehavior cmdBehavior, RunBehavior runBehavior, Boolean returnStream, String method, DbAsyncResult result)
   at System.Data.SqlClient.SqlCommand.RunExecuteReader(CommandBehavior cmdBehavior, RunBehavior runBehavior, Boolean returnStream, String method)
   at System.Data.SqlClient.SqlCommand.ExecuteReader(CommandBehavior behavior, String method)
   at System.Data.SqlClient.SqlCommand.ExecuteDbDataReader(CommandBehavior behavior)
   at System.Data.Common.DbCommand.System.Data.IDbCommand.ExecuteReader(CommandBehavior behavior)
   at System.Data.Common.DbDataAdapter.FillInternal(DataSet dataset, DataTable[] datatables, Int32 startRecord, Int32 maxRecords, String srcTable, IDbCommand command, CommandBehavior behavior)
   at System.Data.Common.DbDataAdapter.Fill(DataSet dataSet, Int32 startRecord, Int32 maxRecords, String srcTable, IDbCommand command, CommandBehavior behavior)
   at System.Data.Common.DbDataAdapter.Fill(DataSet dataSet)
   at Unirecruite.QuestionPaper.GetCandidateResult(String CandidateID, String courseID) in D:\Project VSS\OESV2_VSS\Source Code\Development Area\e-ExamTool New\OES_V2 old\Unirecruite\QuestionPaper.aspx.vb:line 5683
DEBUG 2014-09-05 15:19:10,859 UpdateLabel Of QuestionPaper - Error :System.NullReferenceException: Object reference not set to an instance of an object.
   at Unirecruite.QuestionPaper.UpdateLabel() in D:\Project VSS\OESV2_VSS\Source Code\Development Area\e-ExamTool New\OES_V2 old\Unirecruite\QuestionPaper.aspx.vb:line 645
DEBUG 2014-09-05 15:19:16,671 ExportExamDetails Of ExamResult - Error :System.Runtime.InteropServices.COMException (0x80080005): Retrieving the COM class factory for component with CLSID {00024500-0000-0000-C000-000000000046} failed due to the following error: 80080005.
   at Unirecruite.ExamResult.ExportExamDetails() in D:\Project VSS\OESV2_VSS\Source Code\Development Area\e-ExamTool New\OES_V2 old\Unirecruite\ExamResult.aspx.vb:line 148
DEBUG 2014-09-05 15:19:16,671 ExportExamDetails Of ExamResult - Error :   at Unirecruite.ExamResult.ExportExamDetails() in D:\Project VSS\OESV2_VSS\Source Code\Development Area\e-ExamTool New\OES_V2 old\Unirecruite\ExamResult.aspx.vb:line 148
DEBUG 2014-09-05 15:21:49,984 ExportExamDetails Of ExamResult - Error :System.Runtime.InteropServices.COMException (0x80080005): Retrieving the COM class factory for component with CLSID {00024500-0000-0000-C000-000000000046} failed due to the following error: 80080005.
   at Unirecruite.ExamResult.ExportExamDetails() in D:\Project VSS\OESV2_VSS\Source Code\Development Area\e-ExamTool New\OES_V2 old\Unirecruite\ExamResult.aspx.vb:line 148
DEBUG 2014-09-05 15:21:49,984 ExportExamDetails Of ExamResult - Error :   at Unirecruite.ExamResult.ExportExamDetails() in D:\Project VSS\OESV2_VSS\Source Code\Development Area\e-ExamTool New\OES_V2 old\Unirecruite\ExamResult.aspx.vb:line 148
DEBUG 2014-09-05 15:25:26,625 ExportExamDetails Of searchExamAppeared - Error :System.Runtime.InteropServices.COMException (0x80080005): Retrieving the COM class factory for component with CLSID {00024500-0000-0000-C000-000000000046} failed due to the following error: 80080005.
   at Unirecruite.AppearedExam.ExportExamDetails() in D:\Project VSS\OESV2_VSS\Source Code\Development Area\e-ExamTool New\OES_V2 old\Unirecruite\AppearedExam.aspx.vb:line 937
DEBUG 2014-09-05 15:25:26,625 ExportExamDetails Of searchExamAppeared - Error :   at Unirecruite.AppearedExam.ExportExamDetails() in D:\Project VSS\OESV2_VSS\Source Code\Development Area\e-ExamTool New\OES_V2 old\Unirecruite\AppearedExam.aspx.vb:line 937
DEBUG 2014-09-05 15:25:26,671 ExportAppearedExamDetails_Click Of searchExamAppeared - Error :System.Threading.ThreadAbortException: Thread was being aborted.
   at System.Threading.Thread.AbortInternal()
   at System.Threading.Thread.Abort(Object stateInfo)
   at System.Web.HttpResponse.End()
   at System.Web.HttpResponse.Redirect(String url, Boolean endResponse)
   at System.Web.HttpResponse.Redirect(String url)
   at Unirecruite.AppearedExam.ExportExamDetails() in D:\Project VSS\OESV2_VSS\Source Code\Development Area\e-ExamTool New\OES_V2 old\Unirecruite\AppearedExam.aspx.vb:line 2028
   at Unirecruite.AppearedExam.ExportAppearedExamDetails_Click(Object sender, ImageClickEventArgs e) in D:\Project VSS\OESV2_VSS\Source Code\Development Area\e-ExamTool New\OES_V2 old\Unirecruite\AppearedExam.aspx.vb:line 3153
DEBUG 2014-09-05 15:25:59,484 ExportExamDetails Of ExamResult - Error :System.Runtime.InteropServices.COMException (0x80080005): Retrieving the COM class factory for component with CLSID {00024500-0000-0000-C000-000000000046} failed due to the following error: 80080005.
   at Unirecruite.ExamResult.ExportExamDetails() in D:\Project VSS\OESV2_VSS\Source Code\Development Area\e-ExamTool New\OES_V2 old\Unirecruite\ExamResult.aspx.vb:line 148
DEBUG 2014-09-05 15:25:59,484 ExportExamDetails Of ExamResult - Error :   at Unirecruite.ExamResult.ExportExamDetails() in D:\Project VSS\OESV2_VSS\Source Code\Development Area\e-ExamTool New\OES_V2 old\Unirecruite\ExamResult.aspx.vb:line 148
DEBUG 2014-09-05 15:26:29,515 ExportExamDetails Of searchExamAppeared - Error :System.Runtime.InteropServices.COMException (0x80080005): Retrieving the COM class factory for component with CLSID {00024500-0000-0000-C000-000000000046} failed due to the following error: 80080005.
   at Unirecruite.AppearedExam.ExportExamDetails() in D:\Project VSS\OESV2_VSS\Source Code\Development Area\e-ExamTool New\OES_V2 old\Unirecruite\AppearedExam.aspx.vb:line 937
DEBUG 2014-09-05 15:26:29,515 ExportExamDetails Of searchExamAppeared - Error :   at Unirecruite.AppearedExam.ExportExamDetails() in D:\Project VSS\OESV2_VSS\Source Code\Development Area\e-ExamTool New\OES_V2 old\Unirecruite\AppearedExam.aspx.vb:line 937
DEBUG 2014-09-05 15:26:29,531 ExportAppearedExamDetails_Click Of searchExamAppeared - Error :System.Threading.ThreadAbortException: Thread was being aborted.
   at System.Threading.Thread.AbortInternal()
   at System.Threading.Thread.Abort(Object stateInfo)
   at System.Web.HttpResponse.End()
   at System.Web.HttpResponse.Redirect(String url, Boolean endResponse)
   at System.Web.HttpResponse.Redirect(String url)
   at Unirecruite.AppearedExam.ExportExamDetails() in D:\Project VSS\OESV2_VSS\Source Code\Development Area\e-ExamTool New\OES_V2 old\Unirecruite\AppearedExam.aspx.vb:line 2028
   at Unirecruite.AppearedExam.ExportAppearedExamDetails_Click(Object sender, ImageClickEventArgs e) in D:\Project VSS\OESV2_VSS\Source Code\Development Area\e-ExamTool New\OES_V2 old\Unirecruite\AppearedExam.aspx.vb:line 3153
DEBUG 2014-09-05 15:27:51,781 ExportExamDetails Of ExamResult - Error :System.Runtime.InteropServices.COMException (0x80080005): Retrieving the COM class factory for component with CLSID {00024500-0000-0000-C000-000000000046} failed due to the following error: 80080005.
   at Unirecruite.ExamResult.ExportExamDetails() in D:\Project VSS\OESV2_VSS\Source Code\Development Area\e-ExamTool New\OES_V2 old\Unirecruite\ExamResult.aspx.vb:line 148
DEBUG 2014-09-05 15:27:51,781 ExportExamDetails Of ExamResult - Error :   at Unirecruite.ExamResult.ExportExamDetails() in D:\Project VSS\OESV2_VSS\Source Code\Development Area\e-ExamTool New\OES_V2 old\Unirecruite\ExamResult.aspx.vb:line 148
DEBUG 2014-09-05 15:28:21,812 ExportExamDetails Of searchExamAppeared - Error :System.Runtime.InteropServices.COMException (0x80080005): Retrieving the COM class factory for component with CLSID {00024500-0000-0000-C000-000000000046} failed due to the following error: 80080005.
   at Unirecruite.AppearedExam.ExportExamDetails() in D:\Project VSS\OESV2_VSS\Source Code\Development Area\e-ExamTool New\OES_V2 old\Unirecruite\AppearedExam.aspx.vb:line 937
DEBUG 2014-09-05 15:28:21,812 ExportExamDetails Of searchExamAppeared - Error :   at Unirecruite.AppearedExam.ExportExamDetails() in D:\Project VSS\OESV2_VSS\Source Code\Development Area\e-ExamTool New\OES_V2 old\Unirecruite\AppearedExam.aspx.vb:line 937
DEBUG 2014-09-05 15:28:21,812 ExportAppearedExamDetails_Click Of searchExamAppeared - Error :System.Threading.ThreadAbortException: Thread was being aborted.
   at System.Threading.Thread.AbortInternal()
   at System.Threading.Thread.Abort(Object stateInfo)
   at System.Web.HttpResponse.End()
   at System.Web.HttpResponse.Redirect(String url, Boolean endResponse)
   at System.Web.HttpResponse.Redirect(String url)
   at Unirecruite.AppearedExam.ExportExamDetails() in D:\Project VSS\OESV2_VSS\Source Code\Development Area\e-ExamTool New\OES_V2 old\Unirecruite\AppearedExam.aspx.vb:line 2028
   at Unirecruite.AppearedExam.ExportAppearedExamDetails_Click(Object sender, ImageClickEventArgs e) in D:\Project VSS\OESV2_VSS\Source Code\Development Area\e-ExamTool New\OES_V2 old\Unirecruite\AppearedExam.aspx.vb:line 3153
DEBUG 2014-09-05 15:31:06,734 ExportExamDetails Of ExamResult - Error :System.Runtime.InteropServices.COMException (0x80080005): Retrieving the COM class factory for component with CLSID {00024500-0000-0000-C000-000000000046} failed due to the following error: 80080005.
   at Unirecruite.ExamResult.ExportExamDetails() in D:\Project VSS\OESV2_VSS\Source Code\Development Area\e-ExamTool New\OES_V2 old\Unirecruite\ExamResult.aspx.vb:line 148
DEBUG 2014-09-05 15:31:06,734 ExportExamDetails Of ExamResult - Error :   at Unirecruite.ExamResult.ExportExamDetails() in D:\Project VSS\OESV2_VSS\Source Code\Development Area\e-ExamTool New\OES_V2 old\Unirecruite\ExamResult.aspx.vb:line 148
DEBUG 2014-09-05 15:31:16,421 UpdateLabel Of QuestionPaper - Error :System.NullReferenceException: Object reference not set to an instance of an object.
   at Unirecruite.QuestionPaper.UpdateLabel() in D:\Project VSS\OESV2_VSS\Source Code\Development Area\e-ExamTool New\OES_V2 old\Unirecruite\QuestionPaper.aspx.vb:line 645
DEBUG 2014-09-05 15:31:16,421 UpdateLabel Of QuestionPaper - Error :System.NullReferenceException: Object reference not set to an instance of an object.
   at Unirecruite.QuestionPaper.UpdateLabel() in D:\Project VSS\OESV2_VSS\Source Code\Development Area\e-ExamTool New\OES_V2 old\Unirecruite\QuestionPaper.aspx.vb:line 645
DEBUG 2014-09-05 15:31:16,421 InsertData Of QuestionPaper - Error :System.NullReferenceException: Object reference not set to an instance of an object.
   at Unirecruite.QuestionPaper.InsertData() in D:\Project VSS\OESV2_VSS\Source Code\Development Area\e-ExamTool New\OES_V2 old\Unirecruite\QuestionPaper.aspx.vb:line 2409
DEBUG 2014-09-05 15:31:16,437 GetCandidateResult Of QuestionPaper - Error :System.Data.SqlClient.SqlException: Incorrect syntax near the keyword 'and'.
   at System.Data.SqlClient.SqlConnection.OnError(SqlException exception, Boolean breakConnection)
   at System.Data.SqlClient.SqlInternalConnection.OnError(SqlException exception, Boolean breakConnection)
   at System.Data.SqlClient.TdsParser.ThrowExceptionAndWarning(TdsParserStateObject stateObj)
   at System.Data.SqlClient.TdsParser.Run(RunBehavior runBehavior, SqlCommand cmdHandler, SqlDataReader dataStream, BulkCopySimpleResultSet bulkCopyHandler, TdsParserStateObject stateObj)
   at System.Data.SqlClient.SqlDataReader.ConsumeMetaData()
   at System.Data.SqlClient.SqlDataReader.get_MetaData()
   at System.Data.SqlClient.SqlCommand.FinishExecuteReader(SqlDataReader ds, RunBehavior runBehavior, String resetOptionsString)
   at System.Data.SqlClient.SqlCommand.RunExecuteReaderTds(CommandBehavior cmdBehavior, RunBehavior runBehavior, Boolean returnStream, Boolean async)
   at System.Data.SqlClient.SqlCommand.RunExecuteReader(CommandBehavior cmdBehavior, RunBehavior runBehavior, Boolean returnStream, String method, DbAsyncResult result)
   at System.Data.SqlClient.SqlCommand.RunExecuteReader(CommandBehavior cmdBehavior, RunBehavior runBehavior, Boolean returnStream, String method)
   at System.Data.SqlClient.SqlCommand.ExecuteReader(CommandBehavior behavior, String method)
   at System.Data.SqlClient.SqlCommand.ExecuteDbDataReader(CommandBehavior behavior)
   at System.Data.Common.DbCommand.System.Data.IDbCommand.ExecuteReader(CommandBehavior behavior)
   at System.Data.Common.DbDataAdapter.FillInternal(DataSet dataset, DataTable[] datatables, Int32 startRecord, Int32 maxRecords, String srcTable, IDbCommand command, CommandBehavior behavior)
   at System.Data.Common.DbDataAdapter.Fill(DataSet dataSet, Int32 startRecord, Int32 maxRecords, String srcTable, IDbCommand command, CommandBehavior behavior)
   at System.Data.Common.DbDataAdapter.Fill(DataSet dataSet)
   at Unirecruite.QuestionPaper.GetCandidateResult(String CandidateID, String courseID) in D:\Project VSS\OESV2_VSS\Source Code\Development Area\e-ExamTool New\OES_V2 old\Unirecruite\QuestionPaper.aspx.vb:line 5683
DEBUG 2014-09-05 15:32:56,812 ExportExamDetails Of ExamResult - Error :System.Runtime.InteropServices.COMException (0x80080005): Retrieving the COM class factory for component with CLSID {00024500-0000-0000-C000-000000000046} failed due to the following error: 80080005.
   at Unirecruite.ExamResult.ExportExamDetails() in D:\Project VSS\OESV2_VSS\Source Code\Development Area\e-ExamTool New\OES_V2 old\Unirecruite\ExamResult.aspx.vb:line 148
DEBUG 2014-09-05 15:32:56,812 ExportExamDetails Of ExamResult - Error :   at Unirecruite.ExamResult.ExportExamDetails() in D:\Project VSS\OESV2_VSS\Source Code\Development Area\e-ExamTool New\OES_V2 old\Unirecruite\ExamResult.aspx.vb:line 148
DEBUG 2014-09-05 15:33:52,109 ExportExamDetails Of ExamResult - Error :System.Runtime.InteropServices.COMException (0x80080005): Retrieving the COM class factory for component with CLSID {00024500-0000-0000-C000-000000000046} failed due to the following error: 80080005.
   at Unirecruite.ExamResult.ExportExamDetails() in D:\Project VSS\OESV2_VSS\Source Code\Development Area\e-ExamTool New\OES_V2 old\Unirecruite\ExamResult.aspx.vb:line 148
DEBUG 2014-09-05 15:33:52,109 ExportExamDetails Of ExamResult - Error :   at Unirecruite.ExamResult.ExportExamDetails() in D:\Project VSS\OESV2_VSS\Source Code\Development Area\e-ExamTool New\OES_V2 old\Unirecruite\ExamResult.aspx.vb:line 148
DEBUG 2014-09-05 15:35:22,765 ExportExamDetails Of ExamResult - Error :System.Runtime.InteropServices.COMException (0x80080005): Retrieving the COM class factory for component with CLSID {00024500-0000-0000-C000-000000000046} failed due to the following error: 80080005.
   at Unirecruite.ExamResult.ExportExamDetails() in D:\Project VSS\OESV2_VSS\Source Code\Development Area\e-ExamTool New\OES_V2 old\Unirecruite\ExamResult.aspx.vb:line 148
DEBUG 2014-09-05 15:35:22,765 ExportExamDetails Of ExamResult - Error :   at Unirecruite.ExamResult.ExportExamDetails() in D:\Project VSS\OESV2_VSS\Source Code\Development Area\e-ExamTool New\OES_V2 old\Unirecruite\ExamResult.aspx.vb:line 148
DEBUG 2014-09-05 15:41:50,671 ExportExamDetails Of ExamResult - Error :System.Runtime.InteropServices.COMException (0x80080005): Retrieving the COM class factory for component with CLSID {00024500-0000-0000-C000-000000000046} failed due to the following error: 80080005.
   at Unirecruite.ExamResult.ExportExamDetails() in D:\Project VSS\OESV2_VSS\Source Code\Development Area\e-ExamTool New\OES_V2 old\Unirecruite\ExamResult.aspx.vb:line 148
DEBUG 2014-09-05 15:41:50,671 ExportExamDetails Of ExamResult - Error :   at Unirecruite.ExamResult.ExportExamDetails() in D:\Project VSS\OESV2_VSS\Source Code\Development Area\e-ExamTool New\OES_V2 old\Unirecruite\ExamResult.aspx.vb:line 148
DEBUG 2014-09-05 15:49:39,843 ExportExamDetails Of ExamResult - Error :System.Runtime.InteropServices.COMException (0x80080005): Retrieving the COM class factory for component with CLSID {00024500-0000-0000-C000-000000000046} failed due to the following error: 80080005.
   at Unirecruite.ExamResult.ExportExamDetails() in D:\Project VSS\OESV2_VSS\Source Code\Development Area\e-ExamTool New\OES_V2 old\Unirecruite\ExamResult.aspx.vb:line 148
DEBUG 2014-09-05 15:49:39,843 ExportExamDetails Of ExamResult - Error :   at Unirecruite.ExamResult.ExportExamDetails() in D:\Project VSS\OESV2_VSS\Source Code\Development Area\e-ExamTool New\OES_V2 old\Unirecruite\ExamResult.aspx.vb:line 148
DEBUG 2014-09-05 15:56:16,343 ExportExamDetails Of ExamResult - Error :System.Runtime.InteropServices.COMException (0x80080005): Retrieving the COM class factory for component with CLSID {00024500-0000-0000-C000-000000000046} failed due to the following error: 80080005.
   at Unirecruite.ExamResult.ExportExamDetails() in D:\Project VSS\OESV2_VSS\Source Code\Development Area\e-ExamTool New\OES_V2 old\Unirecruite\ExamResult.aspx.vb:line 148
DEBUG 2014-09-05 15:56:16,343 ExportExamDetails Of ExamResult - Error :   at Unirecruite.ExamResult.ExportExamDetails() in D:\Project VSS\OESV2_VSS\Source Code\Development Area\e-ExamTool New\OES_V2 old\Unirecruite\ExamResult.aspx.vb:line 148
DEBUG 2014-09-05 16:03:14,921 ExportExamDetails Of ExamResult - Error :System.Runtime.InteropServices.COMException (0x80080005): Retrieving the COM class factory for component with CLSID {00024500-0000-0000-C000-000000000046} failed due to the following error: 80080005.
   at Unirecruite.ExamResult.ExportExamDetails() in D:\Project VSS\OESV2_VSS\Source Code\Development Area\e-ExamTool New\OES_V2 old\Unirecruite\ExamResult.aspx.vb:line 148
DEBUG 2014-09-05 16:03:14,921 ExportExamDetails Of ExamResult - Error :   at Unirecruite.ExamResult.ExportExamDetails() in D:\Project VSS\OESV2_VSS\Source Code\Development Area\e-ExamTool New\OES_V2 old\Unirecruite\ExamResult.aspx.vb:line 148
DEBUG 2014-09-05 16:05:24,093 ExportExamDetails Of ExamResult - Error :System.Runtime.InteropServices.COMException (0x80080005): Retrieving the COM class factory for component with CLSID {00024500-0000-0000-C000-000000000046} failed due to the following error: 80080005.
   at Unirecruite.ExamResult.ExportExamDetails() in D:\Project VSS\OESV2_VSS\Source Code\Development Area\e-ExamTool New\OES_V2 old\Unirecruite\ExamResult.aspx.vb:line 148
DEBUG 2014-09-05 16:05:24,093 ExportExamDetails Of ExamResult - Error :   at Unirecruite.ExamResult.ExportExamDetails() in D:\Project VSS\OESV2_VSS\Source Code\Development Area\e-ExamTool New\OES_V2 old\Unirecruite\ExamResult.aspx.vb:line 148
DEBUG 2014-09-05 16:34:53,765 Page_Load Of CandStatus - Error :System.NullReferenceException: Object reference not set to an instance of an object.
   at Unirecruite.unirecruite.CandStatus.Page_Load(Object sender, EventArgs e) in D:\Project VSS\OESV2_VSS\Source Code\Development Area\e-ExamTool New\OES_V2 old\Unirecruite\CandStatus.aspx.vb:line 87
DEBUG 2014-09-05 16:34:56,125 ExportExamDetails Of ExamResult - Error :System.Runtime.InteropServices.COMException (0x80080005): Retrieving the COM class factory for component with CLSID {00024500-0000-0000-C000-000000000046} failed due to the following error: 80080005.
   at Unirecruite.ExamResult.ExportExamDetails() in D:\Project VSS\OESV2_VSS\Source Code\Development Area\e-ExamTool New\OES_V2 old\Unirecruite\ExamResult.aspx.vb:line 148
DEBUG 2014-09-05 16:34:56,125 ExportExamDetails Of ExamResult - Error :   at Unirecruite.ExamResult.ExportExamDetails() in D:\Project VSS\OESV2_VSS\Source Code\Development Area\e-ExamTool New\OES_V2 old\Unirecruite\ExamResult.aspx.vb:line 148
DEBUG 2014-09-05 16:35:09,796 Page_Load Of CandStatus - Error :System.NullReferenceException: Object reference not set to an instance of an object.
   at Unirecruite.unirecruite.CandStatus.Page_Load(Object sender, EventArgs e) in D:\Project VSS\OESV2_VSS\Source Code\Development Area\e-ExamTool New\OES_V2 old\Unirecruite\CandStatus.aspx.vb:line 87
DEBUG 2014-09-05 16:35:17,812 Page_Load Of CandStatus - Error :System.NullReferenceException: Object reference not set to an instance of an object.
   at Unirecruite.unirecruite.CandStatus.Page_Load(Object sender, EventArgs e) in D:\Project VSS\OESV2_VSS\Source Code\Development Area\e-ExamTool New\OES_V2 old\Unirecruite\CandStatus.aspx.vb:line 87
DEBUG 2014-09-05 16:35:42,890 ExportExamDetails Of ExamResult - Error :System.Runtime.InteropServices.COMException (0x80080005): Retrieving the COM class factory for component with CLSID {00024500-0000-0000-C000-000000000046} failed due to the following error: 80080005.
   at Unirecruite.ExamResult.ExportExamDetails() in D:\Project VSS\OESV2_VSS\Source Code\Development Area\e-ExamTool New\OES_V2 old\Unirecruite\ExamResult.aspx.vb:line 148
DEBUG 2014-09-05 16:35:42,890 ExportExamDetails Of ExamResult - Error :   at Unirecruite.ExamResult.ExportExamDetails() in D:\Project VSS\OESV2_VSS\Source Code\Development Area\e-ExamTool New\OES_V2 old\Unirecruite\ExamResult.aspx.vb:line 148
DEBUG 2014-09-05 16:35:54,281 UpdateLabel Of QuestionPaper - Error :System.NullReferenceException: Object reference not set to an instance of an object.
   at Unirecruite.QuestionPaper.UpdateLabel() in D:\Project VSS\OESV2_VSS\Source Code\Development Area\e-ExamTool New\OES_V2 old\Unirecruite\QuestionPaper.aspx.vb:line 645
DEBUG 2014-09-05 16:35:54,281 UpdateLabel Of QuestionPaper - Error :System.NullReferenceException: Object reference not set to an instance of an object.
   at Unirecruite.QuestionPaper.UpdateLabel() in D:\Project VSS\OESV2_VSS\Source Code\Development Area\e-ExamTool New\OES_V2 old\Unirecruite\QuestionPaper.aspx.vb:line 645
DEBUG 2014-09-05 16:35:54,281 InsertData Of QuestionPaper - Error :System.NullReferenceException: Object reference not set to an instance of an object.
   at Unirecruite.QuestionPaper.InsertData() in D:\Project VSS\OESV2_VSS\Source Code\Development Area\e-ExamTool New\OES_V2 old\Unirecruite\QuestionPaper.aspx.vb:line 2409
DEBUG 2014-09-05 16:35:54,296 GetCandidateResult Of QuestionPaper - Error :System.Data.SqlClient.SqlException: Incorrect syntax near the keyword 'and'.
   at System.Data.SqlClient.SqlConnection.OnError(SqlException exception, Boolean breakConnection)
   at System.Data.SqlClient.SqlInternalConnection.OnError(SqlException exception, Boolean breakConnection)
   at System.Data.SqlClient.TdsParser.ThrowExceptionAndWarning(TdsParserStateObject stateObj)
   at System.Data.SqlClient.TdsParser.Run(RunBehavior runBehavior, SqlCommand cmdHandler, SqlDataReader dataStream, BulkCopySimpleResultSet bulkCopyHandler, TdsParserStateObject stateObj)
   at System.Data.SqlClient.SqlDataReader.ConsumeMetaData()
   at System.Data.SqlClient.SqlDataReader.get_MetaData()
   at System.Data.SqlClient.SqlCommand.FinishExecuteReader(SqlDataReader ds, RunBehavior runBehavior, String resetOptionsString)
   at System.Data.SqlClient.SqlCommand.RunExecuteReaderTds(CommandBehavior cmdBehavior, RunBehavior runBehavior, Boolean returnStream, Boolean async)
   at System.Data.SqlClient.SqlCommand.RunExecuteReader(CommandBehavior cmdBehavior, RunBehavior runBehavior, Boolean returnStream, String method, DbAsyncResult result)
   at System.Data.SqlClient.SqlCommand.RunExecuteReader(CommandBehavior cmdBehavior, RunBehavior runBehavior, Boolean returnStream, String method)
   at System.Data.SqlClient.SqlCommand.ExecuteReader(CommandBehavior behavior, String method)
   at System.Data.SqlClient.SqlCommand.ExecuteDbDataReader(CommandBehavior behavior)
   at System.Data.Common.DbCommand.System.Data.IDbCommand.ExecuteReader(CommandBehavior behavior)
   at System.Data.Common.DbDataAdapter.FillInternal(DataSet dataset, DataTable[] datatables, Int32 startRecord, Int32 maxRecords, String srcTable, IDbCommand command, CommandBehavior behavior)
   at System.Data.Common.DbDataAdapter.Fill(DataSet dataSet, Int32 startRecord, Int32 maxRecords, String srcTable, IDbCommand command, CommandBehavior behavior)
   at System.Data.Common.DbDataAdapter.Fill(DataSet dataSet)
   at Unirecruite.QuestionPaper.GetCandidateResult(String CandidateID, String courseID) in D:\Project VSS\OESV2_VSS\Source Code\Development Area\e-ExamTool New\OES_V2 old\Unirecruite\QuestionPaper.aspx.vb:line 5683
DEBUG 2014-09-05 17:20:53,750 ExportExamDetails Of ExamResult - Error :System.Runtime.InteropServices.COMException (0x80080005): Retrieving the COM class factory for component with CLSID {00024500-0000-0000-C000-000000000046} failed due to the following error: 80080005.
   at Unirecruite.ExamResult.ExportExamDetails() in D:\Project VSS\OESV2_VSS\Source Code\Development Area\e-ExamTool New\OES_V2 old\Unirecruite\ExamResult.aspx.vb:line 148
DEBUG 2014-09-05 17:20:53,750 ExportExamDetails Of ExamResult - Error :   at Unirecruite.ExamResult.ExportExamDetails() in D:\Project VSS\OESV2_VSS\Source Code\Development Area\e-ExamTool New\OES_V2 old\Unirecruite\ExamResult.aspx.vb:line 148
