ERROR 2017-11-23 09:08:37,718 ExportExamDetails Of ExamResult - Error occure on Export exam detail 
DEBUG 2017-11-23 09:08:37,718 ExportExamDetails Of ExamResult - Error :System.Runtime.InteropServices.COMException (0x800A03EC): Unable to set the Visible property of the PivotItem class
   at System.RuntimeType.ForwardCallToInvokeMember(String memberName, BindingFlags flags, Object target, Int32[] aWrapperTypes, MessageData& msgData)
   at Microsoft.Office.Interop.Excel.PivotItem.set_Visible(Boolean )
   at Unirecruite.ExamResult.ExportExamDetails() in E:\oesv2\Source Code\Development Area\e-ExamTool New\OES_V2 old\Unirecruite\ExamResult.aspx.vb:line 717
DEBUG 2017-11-23 09:08:37,718 ExportExamDetails Of ExamResult - Error :   at System.RuntimeType.ForwardCallToInvokeMember(String memberName, BindingFlags flags, Object target, Int32[] aWrapperTypes, MessageData& msgData)
   at Microsoft.Office.Interop.Excel.PivotItem.set_Visible(Boolean )
   at Unirecruite.ExamResult.ExportExamDetails() in E:\oesv2\Source Code\Development Area\e-ExamTool New\OES_V2 old\Unirecruite\ExamResult.aspx.vb:line 717
ERROR 2017-11-23 09:08:47,250 ExportExamDetails Of ExamResult - Error occure on Export exam detail 
DEBUG 2017-11-23 09:08:47,250 ExportExamDetails Of ExamResult - Error :System.Runtime.InteropServices.COMException (0x800A03EC): Unable to set the Visible property of the PivotItem class
   at System.RuntimeType.ForwardCallToInvokeMember(String memberName, BindingFlags flags, Object target, Int32[] aWrapperTypes, MessageData& msgData)
   at Microsoft.Office.Interop.Excel.PivotItem.set_Visible(Boolean )
   at Unirecruite.ExamResult.ExportExamDetails() in E:\oesv2\Source Code\Development Area\e-ExamTool New\OES_V2 old\Unirecruite\ExamResult.aspx.vb:line 717
DEBUG 2017-11-23 09:08:47,250 ExportExamDetails Of ExamResult - Error :   at System.RuntimeType.ForwardCallToInvokeMember(String memberName, BindingFlags flags, Object target, Int32[] aWrapperTypes, MessageData& msgData)
   at Microsoft.Office.Interop.Excel.PivotItem.set_Visible(Boolean )
   at Unirecruite.ExamResult.ExportExamDetails() in E:\oesv2\Source Code\Development Area\e-ExamTool New\OES_V2 old\Unirecruite\ExamResult.aspx.vb:line 717
ERROR 2017-11-23 09:21:38,171 ExportExamDetails Of ExamResult - Error occure on Export exam detail 
DEBUG 2017-11-23 09:21:38,171 ExportExamDetails Of ExamResult - Error :System.Runtime.InteropServices.COMException (0x800A03EC): Unable to set the Visible property of the PivotItem class
   at System.RuntimeType.ForwardCallToInvokeMember(String memberName, BindingFlags flags, Object target, Int32[] aWrapperTypes, MessageData& msgData)
   at Microsoft.Office.Interop.Excel.PivotItem.set_Visible(Boolean )
   at Unirecruite.ExamResult.ExportExamDetails() in E:\oesv2\Source Code\Development Area\e-ExamTool New\OES_V2 old\Unirecruite\ExamResult.aspx.vb:line 717
DEBUG 2017-11-23 09:21:38,171 ExportExamDetails Of ExamResult - Error :   at System.RuntimeType.ForwardCallToInvokeMember(String memberName, BindingFlags flags, Object target, Int32[] aWrapperTypes, MessageData& msgData)
   at Microsoft.Office.Interop.Excel.PivotItem.set_Visible(Boolean )
   at Unirecruite.ExamResult.ExportExamDetails() in E:\oesv2\Source Code\Development Area\e-ExamTool New\OES_V2 old\Unirecruite\ExamResult.aspx.vb:line 717
ERROR 2017-11-23 10:15:01,203 ExportExamDetails Of ExamResult - Error occure on Export exam detail 
DEBUG 2017-11-23 10:15:01,203 ExportExamDetails Of ExamResult - Error :System.Runtime.InteropServices.COMException (0x800A03EC): Unable to set the Visible property of the PivotItem class
   at System.RuntimeType.ForwardCallToInvokeMember(String memberName, BindingFlags flags, Object target, Int32[] aWrapperTypes, MessageData& msgData)
   at Microsoft.Office.Interop.Excel.PivotItem.set_Visible(Boolean )
   at Unirecruite.ExamResult.ExportExamDetails() in E:\oesv2\Source Code\Development Area\e-ExamTool New\OES_V2 old\Unirecruite\ExamResult.aspx.vb:line 717
DEBUG 2017-11-23 10:15:01,203 ExportExamDetails Of ExamResult - Error :   at System.RuntimeType.ForwardCallToInvokeMember(String memberName, BindingFlags flags, Object target, Int32[] aWrapperTypes, MessageData& msgData)
   at Microsoft.Office.Interop.Excel.PivotItem.set_Visible(Boolean )
   at Unirecruite.ExamResult.ExportExamDetails() in E:\oesv2\Source Code\Development Area\e-ExamTool New\OES_V2 old\Unirecruite\ExamResult.aspx.vb:line 717
ERROR 2017-11-23 10:34:43,781 ExportExamDetails Of ExamResult - Error occure on Export exam detail 
DEBUG 2017-11-23 10:34:43,781 ExportExamDetails Of ExamResult - Error :System.Runtime.InteropServices.COMException (0x80080005): Retrieving the COM class factory for component with CLSID {00024500-0000-0000-C000-000000000046} failed due to the following error: 80080005.
   at Unirecruite.ExamResult.ExportExamDetails() in E:\oesv2\Source Code\Development Area\e-ExamTool New\OES_V2 old\Unirecruite\ExamResult.aspx.vb:line 150
DEBUG 2017-11-23 10:34:43,781 ExportExamDetails Of ExamResult - Error :   at Unirecruite.ExamResult.ExportExamDetails() in E:\oesv2\Source Code\Development Area\e-ExamTool New\OES_V2 old\Unirecruite\ExamResult.aspx.vb:line 150
DEBUG 2017-11-23 11:09:36,750 ins_questions Of question_ans - Error :System.Data.SqlClient.SqlException: The name '‚»‚¤‚Å‚·‚©' is not permitted in this context. Only constants, expressions, or variables allowed here. Column names are not permitted.
   at System.Data.SqlClient.SqlConnection.OnError(SqlException exception, Boolean breakConnection)
   at System.Data.SqlClient.SqlInternalConnection.OnError(SqlException exception, Boolean breakConnection)
   at System.Data.SqlClient.TdsParser.ThrowExceptionAndWarning(TdsParserStateObject stateObj)
   at System.Data.SqlClient.TdsParser.Run(RunBehavior runBehavior, SqlCommand cmdHandler, SqlDataReader dataStream, BulkCopySimpleResultSet bulkCopyHandler, TdsParserStateObject stateObj)
   at System.Data.SqlClient.SqlCommand.RunExecuteNonQueryTds(String methodName, Boolean async)
   at System.Data.SqlClient.SqlCommand.InternalExecuteNonQuery(DbAsyncResult result, String methodName, Boolean sendToPipe)
   at System.Data.SqlClient.SqlCommand.ExecuteNonQuery()
   at Unirecruite.unirecruite.question_ans.ins_questions() in E:\oesv2\Source Code\Development Area\e-ExamTool New\OES_V2 old\Unirecruite\question_ans.aspx.vb:line 1334
DEBUG 2017-11-23 11:09:36,765 img_saveexit_Click Of question_ans - Error :System.Data.SqlClient.SqlException: The name '‚»‚¤‚Å‚·‚©' is not permitted in this context. Only constants, expressions, or variables allowed here. Column names are not permitted.
   at Unirecruite.unirecruite.question_ans.ins_questions() in E:\oesv2\Source Code\Development Area\e-ExamTool New\OES_V2 old\Unirecruite\question_ans.aspx.vb:line 1379
   at Unirecruite.unirecruite.question_ans.img_saveexit_Click(Object sender, ImageClickEventArgs e) in E:\oesv2\Source Code\Development Area\e-ExamTool New\OES_V2 old\Unirecruite\question_ans.aspx.vb:line 982
ERROR 2017-11-23 11:12:37,281 ExportExamDetails Of ExamResult - Error occure on Export exam detail 
DEBUG 2017-11-23 11:12:37,281 ExportExamDetails Of ExamResult - Error :System.Runtime.InteropServices.COMException (0x80080005): Retrieving the COM class factory for component with CLSID {00024500-0000-0000-C000-000000000046} failed due to the following error: 80080005.
   at Unirecruite.ExamResult.ExportExamDetails() in E:\oesv2\Source Code\Development Area\e-ExamTool New\OES_V2 old\Unirecruite\ExamResult.aspx.vb:line 150
DEBUG 2017-11-23 11:12:37,281 ExportExamDetails Of ExamResult - Error :   at Unirecruite.ExamResult.ExportExamDetails() in E:\oesv2\Source Code\Development Area\e-ExamTool New\OES_V2 old\Unirecruite\ExamResult.aspx.vb:line 150
ERROR 2017-11-23 11:13:08,453 ExportExamDetails Of ExamResult - Error occure on Export exam detail 
DEBUG 2017-11-23 11:13:08,453 ExportExamDetails Of ExamResult - Error :System.Runtime.InteropServices.COMException (0x80080005): Retrieving the COM class factory for component with CLSID {00024500-0000-0000-C000-000000000046} failed due to the following error: 80080005.
   at Unirecruite.ExamResult.ExportExamDetails() in E:\oesv2\Source Code\Development Area\e-ExamTool New\OES_V2 old\Unirecruite\ExamResult.aspx.vb:line 150
DEBUG 2017-11-23 11:13:08,453 ExportExamDetails Of ExamResult - Error :   at Unirecruite.ExamResult.ExportExamDetails() in E:\oesv2\Source Code\Development Area\e-ExamTool New\OES_V2 old\Unirecruite\ExamResult.aspx.vb:line 150
ERROR 2017-11-23 11:21:28,812 ExportExamDetails Of ExamResult - Error occure on Export exam detail 
DEBUG 2017-11-23 11:21:28,812 ExportExamDetails Of ExamResult - Error :System.Runtime.InteropServices.COMException (0x80080005): Retrieving the COM class factory for component with CLSID {00024500-0000-0000-C000-000000000046} failed due to the following error: 80080005.
   at Unirecruite.ExamResult.ExportExamDetails() in E:\oesv2\Source Code\Development Area\e-ExamTool New\OES_V2 old\Unirecruite\ExamResult.aspx.vb:line 150
DEBUG 2017-11-23 11:21:28,812 ExportExamDetails Of ExamResult - Error :   at Unirecruite.ExamResult.ExportExamDetails() in E:\oesv2\Source Code\Development Area\e-ExamTool New\OES_V2 old\Unirecruite\ExamResult.aspx.vb:line 150
ERROR 2017-11-23 11:27:20,796 ExportExamDetails Of ExamResult - Error occure on Export exam detail 
DEBUG 2017-11-23 11:27:20,796 ExportExamDetails Of ExamResult - Error :System.Runtime.InteropServices.COMException (0x80080005): Retrieving the COM class factory for component with CLSID {00024500-0000-0000-C000-000000000046} failed due to the following error: 80080005.
   at Unirecruite.ExamResult.ExportExamDetails() in E:\oesv2\Source Code\Development Area\e-ExamTool New\OES_V2 old\Unirecruite\ExamResult.aspx.vb:line 150
DEBUG 2017-11-23 11:27:20,796 ExportExamDetails Of ExamResult - Error :   at Unirecruite.ExamResult.ExportExamDetails() in E:\oesv2\Source Code\Development Area\e-ExamTool New\OES_V2 old\Unirecruite\ExamResult.aspx.vb:line 150
ERROR 2017-11-23 12:01:04,843 ExportExamDetails Of ExamResult - Error occure on Export exam detail 
DEBUG 2017-11-23 12:01:04,843 ExportExamDetails Of ExamResult - Error :System.Runtime.InteropServices.COMException (0x80080005): Retrieving the COM class factory for component with CLSID {00024500-0000-0000-C000-000000000046} failed due to the following error: 80080005.
   at Unirecruite.ExamResult.ExportExamDetails() in E:\oesv2\Source Code\Development Area\e-ExamTool New\OES_V2 old\Unirecruite\ExamResult.aspx.vb:line 150
DEBUG 2017-11-23 12:01:04,843 ExportExamDetails Of ExamResult - Error :   at Unirecruite.ExamResult.ExportExamDetails() in E:\oesv2\Source Code\Development Area\e-ExamTool New\OES_V2 old\Unirecruite\ExamResult.aspx.vb:line 150
DEBUG 2017-11-23 12:01:21,125 UpdateLabel Of QuestionPaper - Error :System.NullReferenceException: Object reference not set to an instance of an object.
   at Unirecruite.QuestionPaper.UpdateLabel() in E:\oesv2\Source Code\Development Area\e-ExamTool New\OES_V2 old\Unirecruite\QuestionPaper.aspx.vb:line 652
DEBUG 2017-11-23 12:01:21,125 UpdateLabel Of QuestionPaper - Error :System.NullReferenceException: Object reference not set to an instance of an object.
   at Unirecruite.QuestionPaper.UpdateLabel() in E:\oesv2\Source Code\Development Area\e-ExamTool New\OES_V2 old\Unirecruite\QuestionPaper.aspx.vb:line 652
DEBUG 2017-11-23 12:01:21,125 InsertData Of QuestionPaper - Error :System.NullReferenceException: Object reference not set to an instance of an object.
   at Unirecruite.QuestionPaper.InsertData() in E:\oesv2\Source Code\Development Area\e-ExamTool New\OES_V2 old\Unirecruite\QuestionPaper.aspx.vb:line 2415
ERROR 2017-11-23 13:22:20,656 ExportExamDetails Of ExamResult - Error occure on Export exam detail 
DEBUG 2017-11-23 13:22:20,656 ExportExamDetails Of ExamResult - Error :System.Runtime.InteropServices.COMException (0x80080005): Retrieving the COM class factory for component with CLSID {00024500-0000-0000-C000-000000000046} failed due to the following error: 80080005.
   at Unirecruite.ExamResult.ExportExamDetails() in E:\oesv2\Source Code\Development Area\e-ExamTool New\OES_V2 old\Unirecruite\ExamResult.aspx.vb:line 150
DEBUG 2017-11-23 13:22:20,656 ExportExamDetails Of ExamResult - Error :   at Unirecruite.ExamResult.ExportExamDetails() in E:\oesv2\Source Code\Development Area\e-ExamTool New\OES_V2 old\Unirecruite\ExamResult.aspx.vb:line 150
ERROR 2017-11-23 13:53:07,250 ExportExamDetails Of ExamResult - Error occure on Export exam detail 
DEBUG 2017-11-23 13:53:07,250 ExportExamDetails Of ExamResult - Error :System.Runtime.InteropServices.COMException (0x80080005): Retrieving the COM class factory for component with CLSID {00024500-0000-0000-C000-000000000046} failed due to the following error: 80080005.
   at Unirecruite.ExamResult.ExportExamDetails() in E:\oesv2\Source Code\Development Area\e-ExamTool New\OES_V2 old\Unirecruite\ExamResult.aspx.vb:line 150
DEBUG 2017-11-23 13:53:07,250 ExportExamDetails Of ExamResult - Error :   at Unirecruite.ExamResult.ExportExamDetails() in E:\oesv2\Source Code\Development Area\e-ExamTool New\OES_V2 old\Unirecruite\ExamResult.aspx.vb:line 150
ERROR 2017-11-23 14:07:12,187 ExportExamDetails Of ExamResult - Error occure on Export exam detail 
DEBUG 2017-11-23 14:07:12,187 ExportExamDetails Of ExamResult - Error :System.Runtime.InteropServices.COMException (0x80080005): Retrieving the COM class factory for component with CLSID {00024500-0000-0000-C000-000000000046} failed due to the following error: 80080005.
   at Unirecruite.ExamResult.ExportExamDetails() in E:\oesv2\Source Code\Development Area\e-ExamTool New\OES_V2 old\Unirecruite\ExamResult.aspx.vb:line 150
DEBUG 2017-11-23 14:07:12,187 ExportExamDetails Of ExamResult - Error :   at Unirecruite.ExamResult.ExportExamDetails() in E:\oesv2\Source Code\Development Area\e-ExamTool New\OES_V2 old\Unirecruite\ExamResult.aspx.vb:line 150
ERROR 2017-11-23 16:17:55,406 ExportExamDetails Of ExamResult - Error occure on Export exam detail 
DEBUG 2017-11-23 16:17:55,406 ExportExamDetails Of ExamResult - Error :System.Runtime.InteropServices.COMException (0x80080005): Retrieving the COM class factory for component with CLSID {00024500-0000-0000-C000-000000000046} failed due to the following error: 80080005.
   at Unirecruite.ExamResult.ExportExamDetails() in E:\oesv2\Source Code\Development Area\e-ExamTool New\OES_V2 old\Unirecruite\ExamResult.aspx.vb:line 150
DEBUG 2017-11-23 16:17:55,406 ExportExamDetails Of ExamResult - Error :   at Unirecruite.ExamResult.ExportExamDetails() in E:\oesv2\Source Code\Development Area\e-ExamTool New\OES_V2 old\Unirecruite\ExamResult.aspx.vb:line 150
ERROR 2017-11-23 16:37:01,578 ExportExamDetails Of ExamResult - Error occure on Export exam detail 
DEBUG 2017-11-23 16:37:01,578 ExportExamDetails Of ExamResult - Error :System.Runtime.InteropServices.COMException (0x80080005): Retrieving the COM class factory for component with CLSID {00024500-0000-0000-C000-000000000046} failed due to the following error: 80080005.
   at Unirecruite.ExamResult.ExportExamDetails() in E:\oesv2\Source Code\Development Area\e-ExamTool New\OES_V2 old\Unirecruite\ExamResult.aspx.vb:line 150
DEBUG 2017-11-23 16:37:01,578 ExportExamDetails Of ExamResult - Error :   at Unirecruite.ExamResult.ExportExamDetails() in E:\oesv2\Source Code\Development Area\e-ExamTool New\OES_V2 old\Unirecruite\ExamResult.aspx.vb:line 150
ERROR 2017-11-23 18:04:20,921 ExportExamDetails Of ExamResult - Error occure on Export exam detail 
DEBUG 2017-11-23 18:04:20,921 ExportExamDetails Of ExamResult - Error :System.Runtime.InteropServices.COMException (0x80080005): Retrieving the COM class factory for component with CLSID {00024500-0000-0000-C000-000000000046} failed due to the following error: 80080005.
   at Unirecruite.ExamResult.ExportExamDetails() in E:\oesv2\Source Code\Development Area\e-ExamTool New\OES_V2 old\Unirecruite\ExamResult.aspx.vb:line 150
DEBUG 2017-11-23 18:04:20,921 ExportExamDetails Of ExamResult - Error :   at Unirecruite.ExamResult.ExportExamDetails() in E:\oesv2\Source Code\Development Area\e-ExamTool New\OES_V2 old\Unirecruite\ExamResult.aspx.vb:line 150
